============================= test session starts ==============================
platform linux -- Python 3.12.13, pytest-9.1.1, pluggy-1.6.0
rootdir: /home/gbm1996/wksp/smart_mcps/.worktrees/r20260829-162627/g2-plan-split-orchestrate-split-seam-addres
configfile: pyproject.toml
plugins: anyio-4.14.1, asyncio-1.4.0
asyncio: mode=Mode.STRICT, debug=False, asyncio_default_fixture_loop_scope=None, asyncio_default_test_loop_scope=function
collected 1577 items / 20 deselected / 1557 selected

tests/test_advisory.py .............                                     [  0%]
tests/test_assembler.py .........                                        [  1%]
tests/test_auth_ladder.py ..................                             [  2%]
tests/test_calibrate.py .............                                    [  3%]
tests/test_cli.py ...................................................... [  6%]
................................................                         [  9%]
tests/test_cli_price.py .......                                          [ 10%]
tests/test_codegraph_server.py ..........                                [ 11%]
tests/test_confinement.py .........................                      [ 12%]
tests/test_cwd_contract.py .....                                         [ 12%]
tests/test_denial.py ...........                                         [ 13%]
tests/test_driver_liveness.py ..............                             [ 14%]
tests/test_e2e_faults.py ........                                        [ 15%]
tests/test_e2e_stub.py ...............                                   [ 16%]
tests/test_edge_provenance.py ...........................                [ 17%]
tests/test_escalation.py ..................................              [ 19%]
tests/test_estimator.py .................                                [ 21%]
tests/test_export.py ...........                                         [ 21%]
tests/test_fingerprint_compare.py ....                                   [ 22%]
tests/test_finish.py ..................                                  [ 23%]
tests/test_golden_partitions.py ................                         [ 24%]
tests/test_graphing.py .....................................             [ 26%]
tests/test_grouper_pipeline.py ......................................... [ 29%]
.............................                                            [ 31%]
tests/test_grouping_fixtures.py ........................................ [ 33%]
                                                                         [ 33%]
tests/test_grouping_trace.py ........................................... [ 36%]
                                                                         [ 36%]
tests/test_heartbeat.py .....................                            [ 37%]
tests/test_index_fingerprint.py ............                             [ 38%]
tests/test_index_quiescence.py ........                                  [ 39%]
tests/test_informational_surprise.py ....                                [ 39%]
tests/test_integration_provisioning.py ...........                       [ 40%]
tests/test_lint_after_edit.py ...........                                [ 40%]
tests/test_llm.py ........                                               [ 41%]
tests/test_llm_record.py ..............                                  [ 42%]
tests/test_log_event_timezone.py .....                                   [ 42%]
tests/test_manifest_snapshot.py ...                                      [ 42%]
tests/test_merge.py .............                                        [ 43%]
tests/test_merge_gate_triage.py .......                                  [ 43%]
tests/test_model.py ......................                               [ 45%]
tests/test_model_selection.py .............                              [ 46%]
tests/test_nudges.py ..........                                          [ 46%]
tests/test_observatory_api.py .......................................    [ 49%]
tests/test_observatory_diffs.py ........                                 [ 49%]
tests/test_observatory_drift.py ......                                   [ 50%]
tests/test_observatory_escalations.py .............                      [ 51%]
tests/test_observatory_events.py ............                            [ 51%]
tests/test_observatory_grouping.py ..................................... [ 54%]
................                                                         [ 55%]
tests/test_observatory_launch.py .................................       [ 57%]
tests/test_observatory_model_drift.py .................................  [ 59%]
tests/test_observatory_paths.py ........................................ [ 62%]
                                                                         [ 62%]
tests/test_observatory_spa.py .......................                    [ 63%]
tests/test_observatory_thinking.py ...................                   [ 64%]
tests/test_observatory_transcripts.py ....................               [ 66%]
tests/test_orchestrator_session_snapshot.py ......                       [ 66%]
tests/test_partition.py ................................................ [ 69%]
...................                                                      [ 70%]
tests/test_plan_edit.py ......................                           [ 72%]
tests/test_plan_reader.py .............................                  [ 73%]
tests/test_plan_sections.py ................                             [ 75%]
tests/test_plan_split.py ..............................                  [ 76%]
tests/test_preflight.py .......................................          [ 79%]
tests/test_preflight_baseline.py .............                           [ 80%]
tests/test_ratelimit.py ..................................               [ 82%]
tests/test_resume_record.py ...                                          [ 82%]
tests/test_retry.py ........                                             [ 83%]
tests/test_review_loop.py .............................................. [ 86%]
...................                                                      [ 87%]
tests/test_review_recovery_log.py ..                                     [ 87%]
tests/test_review_scratch.py .......                                     [ 87%]
tests/test_rewrite_observability.py ....                                 [ 88%]
tests/test_scheduler.py ................................................ [ 91%]
....................                                                     [ 92%]
tests/test_scorecard.py ............                                     [ 93%]
tests/test_session_spend.py .......                                      [ 93%]
tests/test_sessions.py ................................................. [ 96%]
...........                                                              [ 97%]
tests/test_specless_preview.py ........                                  [ 98%]
tests/test_streaming.py ...........                                      [ 98%]
tests/test_surprise_board.py .............                               [ 99%]
tests/test_worktrees.py .....                                            [100%]

=============================== warnings summary ===============================
.venv/lib/python3.12/site-packages/fastapi/testclient.py:1
  /home/gbm1996/wksp/smart_mcps/.worktrees/r20260829-162627/g2-plan-split-orchestrate-split-seam-addres/.venv/lib/python3.12/site-packages/fastapi/testclient.py:1: StarletteDeprecationWarning: Using `httpx` with `starlette.testclient` is deprecated; install `httpx2` instead.
    from starlette.testclient import TestClient as TestClient  # noqa

-- Docs: https://docs.pytest.org/en/stable/how-to/capture-warnings.html
- generated xml file: /home/gbm1996/wksp/smart_mcps/.orchestrator/runs/r20260829-162627/groups/g2/preflight-junit.xml -
========== 1557 passed, 20 deselected, 1 warning in 69.04s (0:01:09) ===========
warning: `VIRTUAL_ENV=/home/gbm1996/wksp/smart_mcps/.venv` does not match the project environment path `.venv` and will be ignored; use `--active` to target the active environment instead
