<?xml version="1.0" encoding="utf-8"?><testsuites name="pytest tests"><testsuite name="pytest" errors="0" failures="0" skipped="0" tests="1505" time="70.667" timestamp="2026-08-29T18:26:28.546606+02:00" hostname="Giovani"><testcase classname="tests.test_advisory.TestOneGraphBuild" name="test_advise_makes_no_more_codegraph_calls_than_one_compute_partition" time="0.278" /><testcase classname="tests.test_advisory.TestOneGraphBuild" name="test_report_carries_every_metric_per_preset_with_pareto_flags" time="0.108" /><testcase classname="tests.test_advisory.TestOneGraphBuild" name="test_zero_llm_calls" time="0.106" /><testcase classname="tests.test_advisory.TestCohesionShapes" name="test_disjoint_task_sets_flagged_reading_as_n_separate_plans" time="0.106" /><testcase classname="tests.test_advisory.TestCohesionShapes" name="test_pure_chain_flagged_serial_with_widest_gap_wave_boundary" time="0.106" /><testcase classname="tests.test_advisory.TestCohesionShapes" name="test_clique_flagged_structurally_monolithic" time="0.108" /><testcase classname="tests.test_advisory.TestCohesionShapes" name="test_ladder_plan_triggers_no_cohesion_findings" time="0.108" /><testcase classname="tests.test_advisory.TestPreviewIsolation" name="test_pre_existing_groups_json_is_byte_identical_after_advise" time="0.212" /><testcase classname="tests.test_advisory.TestDeterminism" name="test_two_runs_are_byte_identical" time="0.210" /><testcase classname="tests.test_advisory.TestDeterminism" name="test_clique_and_chain_are_also_deterministic" time="0.641" /><testcase classname="tests.test_advisory.TestThresholdsAreNamedConstants" name="test_constants_are_present_and_numeric" time="0.000" /><testcase classname="tests.test_advisory.TestThresholdsAreNamedConstants" name="test_module_documents_each_threshold" time="0.000" /><testcase classname="tests.test_advisory.TestFailureModes" name="test_map_error_surfaces_as_grouper_error" time="0.102" /><testcase classname="tests.test_assembler.TestAssembleGroupSpecs" name="test_every_group_gets_non_empty_contract_fields" time="0.001" /><testcase classname="tests.test_assembler.TestAssembleGroupSpecs" name="test_spec_contains_member_unit_sections_verbatim" time="0.001" /><testcase classname="tests.test_assembler.TestAssembleGroupSpecs" name="test_relational_header_names_upstream_and_downstream_groups" time="0.001" /><testcase classname="tests.test_assembler.TestAssembleGroupSpecs" name="test_regenerating_after_changed_partition_changes_the_header" time="0.001" /><testcase classname="tests.test_assembler.TestAssembleGroupSpecs" name="test_verification_ids_match_pattern_and_cover_every_bullet" time="0.001" /><testcase classname="tests.test_assembler.TestAssembleGroupSpecs" name="test_missing_unit_verification_fails_naming_the_unit" time="0.001" /><testcase classname="tests.test_assembler.TestAssembleGroupSpecs" name="test_cross_group_contract_names_tag_and_task_not_neighbor_section" time="0.001" /><testcase classname="tests.test_assembler.TestAssembleGroupSpecs" name="test_byte_deterministic_across_two_calls" time="0.001" /><testcase classname="tests.test_assembler.TestAssembledFlag" name="test_flag_text_is_stable" time="0.000" /><testcase classname="tests.test_auth_ladder" name="test_is_auth_error_matches_the_observed_wording" time="0.000" /><testcase classname="tests.test_auth_ladder" name="test_is_auth_error_does_not_match_a_usage_limit_or_a_plain_failure" time="0.000" /><testcase classname="tests.test_auth_ladder" name="test_read_credential_status_is_absent_for_a_missing_file" time="0.001" /><testcase classname="tests.test_auth_ladder" name="test_read_credential_status_is_absent_for_malformed_json" time="0.001" /><testcase classname="tests.test_auth_ladder" name="test_read_credential_status_reads_both_expiry_fields" time="0.001" /><testcase classname="tests.test_auth_ladder" name="test_a_past_expires_at_is_reported_stale_with_no_network_call" time="0.001" /><testcase classname="tests.test_auth_ladder" name="test_a_future_expires_at_is_reported_healthy_and_no_refresh_is_attempted" time="0.001" /><testcase classname="tests.test_auth_ladder" name="test_recover_confirms_expires_at_advanced_after_a_successful_refresh" time="0.001" /><testcase classname="tests.test_auth_ladder" name="test_recover_is_false_when_the_refresh_call_does_not_succeed" time="0.001" /><testcase classname="tests.test_auth_ladder" name="test_recover_is_false_when_the_refresh_runs_but_does_not_advance_expiry" time="0.001" /><testcase classname="tests.test_auth_ladder" name="test_recover_skips_the_refresh_attempt_when_the_refresh_token_has_also_expired" time="0.001" /><testcase classname="tests.test_auth_ladder" name="test_gate_arms_a_pause_directly_when_the_ladder_cannot_recover" time="0.001" /><testcase classname="tests.test_auth_ladder" name="test_a_401_pauses_via_the_gate_rather_than_raising_a_bare_session_error" time="0.063" /><testcase classname="tests.test_auth_ladder" name="test_a_401_recovered_by_the_ladder_alone_never_arms_a_pause" time="0.058" /><testcase classname="tests.test_auth_ladder" name="test_no_auth_ladder_or_gate_configured_raises_the_pre_u4_bare_session_error" time="0.031" /><testcase classname="tests.test_auth_ladder" name="test_auth_expired_is_raised_typed_not_as_a_bare_session_error" time="0.029" /><testcase classname="tests.test_auth_ladder" name="test_the_armed_pause_self_releases_once_a_later_probe_reports_healthy" time="0.000" /><testcase classname="tests.test_auth_ladder" name="test_paused_groups_resume_once_healthy_the_call_is_replayed" time="0.059" /><testcase classname="tests.test_calibrate" name="test_coder_multiplier_scales_the_group_estimate" time="0.001" /><testcase classname="tests.test_calibrate" name="test_coder_multiplier_shrinks_the_partition_cap" time="0.000" /><testcase classname="tests.test_calibrate" name="test_default_multiplier_is_the_measured_one" time="0.000" /><testcase classname="tests.test_calibrate" name="test_calibrate_reports_ratios_per_group" time="0.002" /><testcase classname="tests.test_calibrate" name="test_peak_coder_session_wins_over_the_replacement" time="0.002" /><testcase classname="tests.test_calibrate" name="test_group_without_recorded_usage_is_skipped_not_counted" time="0.001" /><testcase classname="tests.test_calibrate" name="test_observed_multiplier_is_a_median_not_a_mean" time="0.000" /><testcase classname="tests.test_calibrate" name="test_missing_manifest_yields_no_multiplier" time="0.002" /><testcase classname="tests.test_calibrate" name="test_implied_uses_the_grouping_time_multiplier_not_the_current_one" time="0.001" /><testcase classname="tests.test_calibrate" name="test_implied_compounds_when_the_run_was_already_scaled" time="0.001" /><testcase classname="tests.test_calibrate" name="test_report_recommends_by_direction[300000-wants to be nearer]" time="0.001" /><testcase classname="tests.test_calibrate" name="test_report_recommends_by_direction[100000-leave it alone]" time="0.001" /><testcase classname="tests.test_calibrate" name="test_report_recommends_by_direction[50000-size them larger]" time="0.001" /><testcase classname="tests.test_cli.TestPrecedence" name="test_config_file_beats_defaults" time="0.001" /><testcase classname="tests.test_cli.TestPrecedence" name="test_config_file_overrides_max_conflict_resolve_attempts" time="0.001" /><testcase classname="tests.test_cli.TestPrecedence" name="test_flags_beat_config_file" time="0.001" /><testcase classname="tests.test_cli.TestPrecedence" name="test_absent_flags_keep_config_file_values" time="0.004" /><testcase classname="tests.test_cli.TestPrecedence" name="test_deprecated_session_timeout_warns_to_stderr_but_loads" time="0.001" /><testcase classname="tests.test_cli.TestPrecedence" name="test_config_without_the_deprecated_key_warns_nothing" time="0.001" /><testcase classname="tests.test_cli.TestAllowOversizedSliceConfig" name="test_config_file_sets_it" time="0.001" /><testcase classname="tests.test_cli.TestAllowOversizedSliceConfig" name="test_default_is_false" time="0.000" /><testcase classname="tests.test_cli.TestAllowOversizedSliceConfig" name="test_flag_sets_it_with_no_config_file" time="0.000" /><testcase classname="tests.test_cli.TestAllowOversizedSliceConfig" name="test_absent_flag_leaves_it_false" time="0.000" /><testcase classname="tests.test_cli.TestAllowOversizedSliceConfig" name="test_flag_and_config_file_reach_the_same_effective_config" time="0.001" /><testcase classname="tests.test_cli.TestGranularityConfigAndFlag" name="test_default_is_independent" time="0.000" /><testcase classname="tests.test_cli.TestGranularityConfigAndFlag" name="test_config_file_sets_it" time="0.001" /><testcase classname="tests.test_cli.TestGranularityConfigAndFlag" name="test_flag_sets_it_with_no_config_file" time="0.000" /><testcase classname="tests.test_cli.TestGranularityConfigAndFlag" name="test_absent_flag_leaves_the_config_file_value" time="0.001" /><testcase classname="tests.test_cli.TestGranularityConfigAndFlag" name="test_flag_wins_over_config_file" time="0.001" /><testcase classname="tests.test_cli.TestGranularityConfigAndFlag" name="test_invalid_value_in_config_file_rejected" time="0.001" /><testcase classname="tests.test_cli.TestGranularityCliFlag" name="test_accepts_the_three_named_levels" time="0.325" /><testcase classname="tests.test_cli.TestGranularityCliFlag" name="test_rejects_an_unknown_value" time="0.003" /><testcase classname="tests.test_cli.TestScorecardAndMetricsLogCli" name="test_no_spec_prints_the_scorecard" time="0.110" /><testcase classname="tests.test_cli.TestScorecardAndMetricsLogCli" name="test_printed_scorecard_matches_the_trace" time="0.109" /><testcase classname="tests.test_cli.TestScorecardAndMetricsLogCli" name="test_metrics_log_appends_one_line_per_invocation" time="0.216" /><testcase classname="tests.test_cli.TestScorecardAndMetricsLogCli" name="test_every_metrics_line_parses_and_carries_scorecard_and_provenance" time="0.109" /><testcase classname="tests.test_cli.TestScorecardAndMetricsLogCli" name="test_a_grouping_that_fails_appends_no_metrics_line" time="0.109" /><testcase classname="tests.test_cli.TestGroupStageProgressUnbuffered" name="test_progress_lines_land_in_the_log_while_the_process_is_still_running" time="1.873" /><testcase classname="tests.test_cli.TestSliceOverflowGateCli" name="test_no_spec_without_override_exits_nonzero_naming_everything" time="0.107" /><testcase classname="tests.test_cli.TestSliceOverflowGateCli" name="test_no_spec_with_override_exits_zero_and_keeps_slice_whole" time="0.110" /><testcase classname="tests.test_cli.TestEscalationOverrides" name="test_default_is_disabled_autonomous" time="0.000" /><testcase classname="tests.test_cli.TestEscalationOverrides" name="test_hitl_flag_enables_with_default_tier" time="0.000" /><testcase classname="tests.test_cli.TestEscalationOverrides" name="test_hitl_flag_does_not_clobber_a_config_file_tier" time="0.001" /><testcase classname="tests.test_cli.TestEscalationOverrides" name="test_intensity_flag_implies_enabled" time="0.000" /><testcase classname="tests.test_cli.TestEscalationOverrides" name="test_autonomous_intensity_forces_off_even_over_config_file" time="0.001" /><testcase classname="tests.test_cli.TestEscalationOverrides" name="test_source_and_timeout_flags_layer_in" time="0.000" /><testcase classname="tests.test_cli.TestEscalationOverrides" name="test_absent_flags_keep_config_file_escalation" time="0.001" /><testcase classname="tests.test_cli.TestLoadConfigPersistedEscalation" name="test_no_persisted_value_keeps_library_default" time="0.001" /><testcase classname="tests.test_cli.TestLoadConfigPersistedEscalation" name="test_persisted_value_replaces_the_default_when_no_flag_is_passed" time="0.001" /><testcase classname="tests.test_cli.TestLoadConfigPersistedEscalation" name="test_explicit_flag_still_overrides_the_persisted_value" time="0.001" /><testcase classname="tests.test_cli.TestAnswerCommand" name="test_answer_writes_a_response_file" time="0.003" /><testcase classname="tests.test_cli.TestAnswerCommand" name="test_answer_unknown_escalation_is_actionable" time="0.002" /><testcase classname="tests.test_cli.TestAnswerCommand" name="test_skip_and_abort_actions_round_trip" time="0.003" /><testcase classname="tests.test_cli.TestAnswerCommand" name="test_answer_rejects_an_already_answered_escalation" time="0.005" /><testcase classname="tests.test_cli.TestAnswerCommand" name="test_status_lists_pending_escalations" time="0.003" /><testcase classname="tests.test_cli.TestStatusReportsHolds" name="test_overlap_hold_names_the_locking_group_and_the_shared_files" time="0.003" /><testcase classname="tests.test_cli.TestStatusReportsHolds" name="test_the_three_hold_reasons_are_distinguishable" time="0.003" /><testcase classname="tests.test_cli.TestStatusReportsHolds" name="test_an_unheld_group_prints_no_hold_line" time="0.003" /><testcase classname="tests.test_cli.TestRunEarlyExits" name="test_run_without_group_artifacts_is_actionable" time="0.002" /><testcase classname="tests.test_cli.TestRunEarlyExits" name="test_run_with_missing_plan_document_is_actionable" time="0.004" /><testcase classname="tests.test_cli.TestRunEarlyExits" name="test_resume_unknown_run_id_is_actionable" time="0.005" /><testcase classname="tests.test_cli.TestRunEarlyExits" name="test_run_refuses_to_overwrite_an_existing_run" time="0.003" /><testcase classname="tests.test_cli.TestRunEarlyExits" name="test_preflight_failure_names_the_missing_flag" time="0.048" /><testcase classname="tests.test_cli.TestGroupingSelection" name="test_ambiguous_groupings_lists_both_names_and_plans" time="0.005" /><testcase classname="tests.test_cli.TestGroupingSelection" name="test_one_of_several_groupings_selects_via_flag" time="0.049" /><testcase classname="tests.test_cli.TestGroupingSelection" name="test_unknown_grouping_name_is_actionable" time="0.003" /><testcase classname="tests.test_cli.TestGroupingSelection" name="test_legacy_top_level_artifact_is_reported_not_consumed" time="0.003" /><testcase classname="tests.test_cli.TestGroupingSelection" name="test_groupings_subcommand_lists_name_plan_and_count" time="0.003" /><testcase classname="tests.test_cli.TestGroupingSelection" name="test_groupings_subcommand_empty" time="0.002" /><testcase classname="tests.test_cli.TestPrintOutcomes" name="test_all_completed_exits_zero" time="0.000" /><testcase classname="tests.test_cli.TestPrintOutcomes" name="test_interrupted_groups_exit_two_naming_them_and_the_resume_command" time="0.000" /><testcase classname="tests.test_cli.TestPrintOutcomes" name="test_only_work_failures_keep_exit_one_and_todays_message" time="0.000" /><testcase classname="tests.test_cli.TestPrintOutcomes" name="test_mixed_interrupted_and_failed_still_exits_two" time="0.000" /><testcase classname="tests.test_cli.TestPrintOutcomes" name="test_resolved_group_is_reported_distinctly_from_completed" time="0.000" /><testcase classname="tests.test_cli.TestPrintOutcomes" name="test_omitting_paths_skips_the_residue_section_unchanged" time="0.000" /><testcase classname="tests.test_cli.TestPrintOutcomes" name="test_residue_section_reports_a_pending_bucket_with_its_reason" time="0.003" /><testcase classname="tests.test_cli.TestPrintOutcomes" name="test_residue_section_prints_none_pending_for_an_empty_board" time="0.001" /><testcase classname="tests.test_cli.TestPrintOutcomes" name="test_stall_report_names_failure_holds_branch_reentry_and_resume_command" time="0.000" /><testcase classname="tests.test_cli.TestPrintOutcomes" name="test_quarantined_group_points_at_retry_not_resume" time="0.000" /><testcase classname="tests.test_cli.TestPrintOutcomes" name="test_report_is_read_only" time="0.000" /><testcase classname="tests.test_cli.TestPrintOutcomes" name="test_no_interrupted_or_failed_group_prints_no_stall_section" time="0.000" /><testcase classname="tests.test_cli.TestPrintOutcomes" name="test_halted_run_names_trigger_not_admitted_and_both_ways_forward" time="0.000" /><testcase classname="tests.test_cli.TestPrintOutcomes" name="test_resuming_a_failed_halt_says_retry_clears_it" time="0.000" /><testcase classname="tests.test_cli.TestRunBanner" name="test_banner_precedes_the_base_session_spawn" time="0.079" /><testcase classname="tests.test_cli.TestRunBanner" name="test_banner_names_concurrency_and_disabled_hitl" time="0.081" /><testcase classname="tests.test_cli.TestConfigBanner" name="test_no_config_file_reports_defaults" time="0.001" /><testcase classname="tests.test_cli.TestConfigBanner" name="test_present_config_file_reports_its_path" time="0.001" /><testcase classname="tests.test_cli.TestModelFlags" name="test_run_help_lists_the_three_flags" time="0.055" /><testcase classname="tests.test_cli.TestModelFlags" name="test_flags_beat_config_file" time="0.001" /><testcase classname="tests.test_cli.TestModelFlags" name="test_absent_flags_keep_config_file_values" time="0.001" /><testcase classname="tests.test_cli.TestModelFlags" name="test_no_flags_and_no_config_leaves_the_built_in_defaults" time="0.000" /><testcase classname="tests.test_cli.TestModelFlags" name="test_banner_prints_the_three_resolved_model_ids" time="0.082" /><testcase classname="tests.test_cli.TestReviewIntensityWarning" name="test_overriding_intensity_warns_naming_groups_and_sessions" time="0.081" /><testcase classname="tests.test_cli.TestReviewIntensityWarning" name="test_omitting_intensity_warns_nothing_and_keeps_recorded_intensity" time="0.083" /><testcase classname="tests.test_cli.TestWorkspaceForFreshCut" name="test_workspace_for_cuts_a_fresh_worktree_from_the_integration_tip" time="0.089" /><testcase classname="tests.test_cli.TestResolveDeps" name="test_autonomous_resolve_commits_stranded_changes_and_merges" time="0.083" /><testcase classname="tests.test_cli.TestResolveDeps" name="test_commit_stranded_is_a_no_op_on_a_clean_worktree" time="0.042" /><testcase classname="tests.test_cli.TestResolveDeps" name="test_merge_translates_a_real_conflict_into_resolve_conflict" time="0.113" /><testcase classname="tests.test_cli.TestResolveConflictLadder" name="test_warm_resume_resolves_and_the_retry_merges" time="0.127" /><testcase classname="tests.test_cli.TestResolveConflictLadder" name="test_attempts_never_exceed_the_configured_bound" time="0.104" /><testcase classname="tests.test_cli.TestResolveConflictLadder" name="test_no_reachable_session_raises_on_the_first_conflict_with_zero_attempts" time="0.089" /><testcase classname="tests.test_cli.TestResolveConflictLadder" name="test_preflight_failure_on_resolve_path_logs_branch_reason_and_retry_command" time="0.054" /><testcase classname="tests.test_cli.TestWorkspaceProvisioning" name="test_workspace_for_provisions_the_env_after_creating_the_worktree" time="0.037" /><testcase classname="tests.test_cli.TestStatus" name="test_no_runs_yet" time="0.002" /><testcase classname="tests.test_cli.TestStatus" name="test_unknown_run_id_fails" time="0.003" /><testcase classname="tests.test_cli.TestStatus" name="test_pretty_prints_state_and_manifest" time="0.003" /><testcase classname="tests.test_cli.TestStatus" name="test_lists_known_runs_without_run_id" time="0.003" /><testcase classname="tests.test_cli.TestStatusDriverLiveness" name="test_no_driver_record_at_all" time="0.003" /><testcase classname="tests.test_cli.TestStatusDriverLiveness" name="test_a_process_holding_the_lock_is_reported_as_driving" time="0.004" /><testcase classname="tests.test_cli.TestStatusDriverLiveness" name="test_none_is_driving_once_the_lock_is_released" time="0.003" /><testcase classname="tests.test_cli.TestStatusDriverLiveness" name="test_a_stale_heartbeat_is_reported_from_the_files_mtime" time="0.003" /><testcase classname="tests.test_cli.TestUiCommand" name="test_ui_help_lists_the_operator_flags" time="0.002" /><testcase classname="tests.test_cli.TestUiCommand" name="test_ui_defaults_match_the_documented_local_tool" time="0.000" /><testcase classname="tests.test_cli.TestPartitionReportDependencyDirection" name="test_prints_upstream_dependencies_not_downstream_dependents" time="0.000" /><testcase classname="tests.test_cli.TestStdoutBuffering" name="test_output_reaches_a_redirected_file_before_the_process_exits" time="0.155" /><testcase classname="tests.test_cli_price.TestOverCapSliceCli" name="test_exits_nonzero_and_prints_member_detail" time="0.004" /><testcase classname="tests.test_cli_price.TestOverCapSliceCli" name="test_under_cap_exits_zero" time="0.003" /><testcase classname="tests.test_cli_price.TestPriceNeverTouchesCodegraph" name="test_states_cap_is_approximate_and_never_calls_the_client" time="0.003" /><testcase classname="tests.test_cli_price.TestPriceNeverTouchesCodegraph" name="test_default_client_construction_is_also_skipped" time="0.003" /><testcase classname="tests.test_cli_price.TestNoTaskMap" name="test_a_plan_without_a_task_map_is_actionable" time="0.003" /><testcase classname="tests.test_cli_price.TestRealPlanCrossCheck" name="test_price_is_subsecond_and_matches_the_real_trace" time="0.194" /><testcase classname="tests.test_cli_price.TestRealPlanCrossCheck" name="test_cli_output_names_node_work_and_coder_work" time="0.056" /><testcase classname="tests.test_codegraph_server" name="test_exposes_exactly_the_six_kept_tools" time="0.003" /><testcase classname="tests.test_codegraph_server" name="test_dropped_tools_are_not_exposed" time="0.001" /><testcase classname="tests.test_codegraph_server" name="test_trace_remaps_to_the_backends_from_and_to_params" time="0.001" /><testcase classname="tests.test_codegraph_server" name="test_project_path_is_never_forwarded" time="0.001" /><testcase classname="tests.test_codegraph_server" name="test_wrappers_forward_camel_case_backend_params" time="0.001" /><testcase classname="tests.test_codegraph_server" name="test_none_valued_args_are_dropped_not_sent_as_null" time="0.001" /><testcase classname="tests.test_codegraph_server" name="test_backend_text_is_returned_verbatim" time="0.000" /><testcase classname="tests.test_codegraph_server" name="test_empty_backend_text_raises_rather_than_returning_nothing" time="0.001" /><testcase classname="tests.test_codegraph_server" name="test_disconnected_backend_raises_a_clear_error" time="0.001" /><testcase classname="tests.test_codegraph_server" name="test_missing_backend_raises_rather_than_hanging" time="0.000" /><testcase classname="tests.test_confinement" name="test_confined_subprocess_can_write_every_worker_cache_dir" time="0.048" /><testcase classname="tests.test_confinement" name="test_confined_subprocess_can_no_longer_write_the_operators_home_caches" time="0.015" /><testcase classname="tests.test_confinement" name="test_worker_cache_env_and_worker_cache_dirs_cannot_drift" time="0.001" /><testcase classname="tests.test_confinement" name="test_the_cache_root_is_read_from_the_orchestrators_own_environment" time="0.000" /><testcase classname="tests.test_confinement" name="test_system_write_paths_no_longer_enumerate_home_caches" time="0.000" /><testcase classname="tests.test_confinement" name="test_extra_write_paths_are_honoured" time="0.014" /><testcase classname="tests.test_confinement" name="test_the_production_policy_denies_a_path_no_default_rule_covers" time="0.024" /><testcase classname="tests.test_confinement" name="test_confined_worker_can_commit_inside_a_linked_worktree" time="0.041" /><testcase classname="tests.test_confinement" name="test_confined_subprocess_cannot_write_another_slugs_memory_dir" time="0.008" /><testcase classname="tests.test_confinement" name="test_confined_subprocess_can_write_its_worktree_and_own_project_dir" time="0.011" /><testcase classname="tests.test_confinement" name="test_confinement_boundary_survives_an_intermediate_shell" time="0.009" /><testcase classname="tests.test_confinement" name="test_confined_subprocess_can_still_run_git" time="0.016" /><testcase classname="tests.test_confinement" name="test_confined_subprocess_can_write_claude_runtime_scratch" time="0.010" /><testcase classname="tests.test_confinement" name="test_confined_subprocess_can_refresh_its_oauth_credentials" time="0.016" /><testcase classname="tests.test_confinement" name="test_confined_subprocess_cannot_write_outside_its_worktree" time="0.010" /><testcase classname="tests.test_confinement" name="test_landlock_degrades_with_one_warning_and_the_round_still_runs" time="0.029" /><testcase classname="tests.test_confinement" name="test_runtime_allowlist_is_derived_from_an_executed_probe" time="0.002" /><testcase classname="tests.test_confinement" name="test_disallowed_tools_and_settings_appear_in_argv_when_configured" time="0.059" /><testcase classname="tests.test_confinement" name="test_worker_argv_carries_the_default_allowlist" time="0.030" /><testcase classname="tests.test_confinement" name="test_streaming_argv_carries_verbose" time="0.030" /><testcase classname="tests.test_confinement" name="test_safety_deny_rules_are_added_without_being_asked_for" time="0.001" /><testcase classname="tests.test_confinement" name="test_configured_rules_survive_and_are_not_duplicated" time="0.001" /><testcase classname="tests.test_confinement" name="test_cli_built_runner_is_confined_and_carries_safety_rules" time="0.001" /><testcase classname="tests.test_confinement" name="test_the_worker_process_really_receives_the_cache_environment" time="0.026" /><testcase classname="tests.test_confinement" name="test_an_explicit_env_argument_still_beats_the_cache_overlay" time="0.027" /><testcase classname="tests.test_cwd_contract" name="test_group_resolves_a_repo_relative_plan_from_a_foreign_cwd" time="0.123" /><testcase classname="tests.test_cwd_contract" name="test_group_still_prefers_a_path_that_resolves_against_cwd" time="0.126" /><testcase classname="tests.test_cwd_contract" name="test_group_reports_the_path_the_operator_typed_when_it_resolves_nowhere" time="0.017" /><testcase classname="tests.test_cwd_contract" name="test_repo_defaults_to_cwd_when_the_flag_is_omitted" time="0.125" /><testcase classname="tests.test_cwd_contract" name="test_a_full_stub_run_from_a_foreign_cwd_writes_everything_under_repo" time="0.161" /><testcase classname="tests.test_denial" name="test_a_kernel_write_denial_is_attributed_to_the_kernel" time="0.000" /><testcase classname="tests.test_denial" name="test_every_errno_rendering_of_the_same_denial_lands_in_one_kind" time="0.000" /><testcase classname="tests.test_denial" name="test_a_harness_refusal_is_attributed_to_the_allowlist" time="0.000" /><testcase classname="tests.test_denial" name="test_denial_source_alone_attributes_a_refusal_with_nothing_quotable" time="0.000" /><testcase classname="tests.test_denial" name="test_a_stated_absence_of_error_text_is_not_a_kernel_denial" time="0.000" /><testcase classname="tests.test_denial" name="test_a_denied_git_mutator_is_policy_forbidden_before_anything_else" time="0.000" /><testcase classname="tests.test_denial" name="test_policy_forbidden_outranks_an_errno_the_command_also_produced" time="0.000" /><testcase classname="tests.test_denial" name="test_an_unrelated_deny_rule_does_not_claim_the_denial" time="0.000" /><testcase classname="tests.test_denial" name="test_an_unattributable_denial_says_so_and_names_both_remedies" time="0.000" /><testcase classname="tests.test_denial" name="test_the_observed_signal_corroborates_but_is_never_required" time="0.001" /><testcase classname="tests.test_denial" name="test_every_kind_has_a_remedy" time="0.000" /><testcase classname="tests.test_driver_liveness.TestDriverRecord" name="test_acquiring_writes_the_drivers_own_pid_not_a_workers" time="0.003" /><testcase classname="tests.test_driver_liveness.TestDriverRecord" name="test_updated_at_advances_within_thirty_seconds" time="1.018" /><testcase classname="tests.test_driver_liveness.TestDriverRecord" name="test_no_record_before_any_driver_has_ever_run" time="0.002" /><testcase classname="tests.test_driver_liveness.TestLockExclusion" name="test_a_second_acquire_is_refused_while_the_first_holds_it" time="0.003" /><testcase classname="tests.test_driver_liveness.TestLockExclusion" name="test_the_lock_is_admitted_again_once_the_first_holder_releases" time="0.003" /><testcase classname="tests.test_driver_liveness.TestLockExclusion" name="test_is_driving_reflects_a_held_lock" time="0.003" /><testcase classname="tests.test_driver_liveness.TestSigkillReleasesLock" name="test_a_sigkilled_driver_releases_the_lock_with_no_cleanup" time="0.099" /><testcase classname="tests.test_driver_liveness.TestCloexecNotInherited" name="test_the_open_lock_fd_carries_the_cloexec_flag" time="0.004" /><testcase classname="tests.test_driver_liveness.TestCloexecNotInherited" name="test_a_worker_subprocess_does_not_inherit_the_lock" time="0.003" /><testcase classname="tests.test_driver_liveness.TestStatusLine" name="test_no_driver_record_at_all" time="0.001" /><testcase classname="tests.test_driver_liveness.TestStatusLine" name="test_driving_with_no_active_groups_yet" time="0.002" /><testcase classname="tests.test_driver_liveness.TestStatusLine" name="test_none_is_driving_once_released" time="0.002" /><testcase classname="tests.test_driver_liveness.TestStatusLine" name="test_fresh_heartbeat_reads_as_progressing" time="0.003" /><testcase classname="tests.test_driver_liveness.TestStatusLine" name="test_stale_heartbeat_is_reported_from_file_mtime_not_its_contents" time="0.003" /><testcase classname="tests.test_e2e_faults" name="test_fault_empty_branch_is_refused_and_never_completes" time="0.157" /><testcase classname="tests.test_e2e_faults" name="test_fault_stale_base_resumed_group_absorbs_a_concurrent_sibling_merge" time="0.621" /><testcase classname="tests.test_e2e_faults" name="test_resume_restores_the_run_s_persisted_escalation_config_without_reflag" time="0.293" /><testcase classname="tests.test_e2e_faults" name="test_resume_explicit_intensity_flag_overrides_the_persisted_value" time="0.260" /><testcase classname="tests.test_e2e_faults" name="test_fault_overlap_gate_escalates_with_hitl_on" time="0.403" /><testcase classname="tests.test_e2e_faults" name="test_fault_overlap_gate_holds_then_releases_with_hitl_off" time="0.251" /><testcase classname="tests.test_e2e_faults" name="test_fault_typed_denial_interrupts_resumes_and_costs_no_rewrite" time="0.270" /><testcase classname="tests.test_e2e_faults" name="test_on_failure_flag_overrides_config_and_is_logged_once" time="0.175" /><testcase classname="tests.test_e2e_stub" name="test_full_run_happy_path_with_warm_rejection" time="0.344" /><testcase classname="tests.test_e2e_stub" name="test_group_cli_premapped_greenfield_plan_skips_mapper_and_orders_groups" time="0.126" /><testcase classname="tests.test_e2e_stub" name="test_breaker_trip_respawns_generation_two_and_completes" time="0.239" /><testcase classname="tests.test_e2e_stub" name="test_surprise_rewrites_dependent_group_before_launch" time="0.287" /><testcase classname="tests.test_e2e_stub" name="test_merge_conflict_routes_group_through_rewrite_to_completion" time="1.992" /><testcase classname="tests.test_e2e_stub" name="test_reject_forever_fails_group_and_strands_dependent" time="0.163" /><testcase classname="tests.test_e2e_stub" name="test_resume_completes_interrupted_run_with_no_base_session" time="0.320" /><testcase classname="tests.test_e2e_stub" name="test_run_snapshots_the_named_grouping_and_records_it_in_the_manifest" time="0.137" /><testcase classname="tests.test_e2e_stub" name="test_resume_after_regroup_uses_the_run_snapshot_not_the_live_grouping" time="0.401" /><testcase classname="tests.test_e2e_stub" name="test_hitl_answer_a_question_then_skip_a_too_hard_group" time="0.341" /><testcase classname="tests.test_e2e_stub" name="test_intensity_autonomous_flag_stays_headless" time="0.140" /><testcase classname="tests.test_e2e_stub" name="test_overlapping_groups_are_serialized_end_to_end_and_both_land" time="0.888" /><testcase classname="tests.test_e2e_stub" name="test_a_usage_limit_pauses_the_run_and_the_group_completes_anyway" time="0.217" /><testcase classname="tests.test_e2e_stub" name="test_no_auto_resume_keeps_todays_stop_and_resume_behaviour" time="0.108" /><testcase classname="tests.test_e2e_stub" name="test_fork_base_restores_the_forked_launch_shape" time="0.307" /><testcase classname="tests.test_edge_provenance.TestSumExactness" name="test_every_edge_sums_back_to_its_weight" time="0.001" /><testcase classname="tests.test_edge_provenance.TestSumExactness" name="test_the_fixture_exercises_the_cap" time="0.001" /><testcase classname="tests.test_edge_provenance.TestSumExactness" name="test_every_signal_kind_is_represented" time="0.000" /><testcase classname="tests.test_edge_provenance.TestSumExactness" name="test_declared_flag_distinguishes_statement_from_inference" time="0.000" /><testcase classname="tests.test_edge_provenance.TestSumExactness" name="test_contributions_name_the_files_that_justified_them" time="0.000" /><testcase classname="tests.test_edge_provenance.TestSumExactness" name="test_pipeline_graph_sums_exactly_including_the_prose_fallback" time="0.106" /><testcase classname="tests.test_edge_provenance.TestTheWholeFixtureRegister" name="test_every_register_fixture_sums_exactly[greenfield-cross-stack-None-config_overrides0]" time="0.106" /><testcase classname="tests.test_edge_provenance.TestTheWholeFixtureRegister" name="test_every_register_fixture_sums_exactly[brownfield-cross-stack-real_files1-config_overrides1]" time="0.106" /><testcase classname="tests.test_edge_provenance.TestTheWholeFixtureRegister" name="test_every_register_fixture_sums_exactly[hub-in-the-middle-None-config_overrides2]" time="0.105" /><testcase classname="tests.test_edge_provenance.TestTheWholeFixtureRegister" name="test_every_register_fixture_sums_exactly[no-affinity-sink-None-config_overrides3]" time="0.106" /><testcase classname="tests.test_edge_provenance.TestTheWholeFixtureRegister" name="test_every_register_fixture_sums_exactly[slice-over-budget-None-config_overrides4]" time="0.105" /><testcase classname="tests.test_edge_provenance.TestTheWholeFixtureRegister" name="test_every_register_fixture_sums_exactly[pure-backend-None-config_overrides5]" time="0.104" /><testcase classname="tests.test_edge_provenance.TestTheWholeFixtureRegister" name="test_every_register_fixture_sums_exactly[observatory-round-a-None-config_overrides6]" time="0.106" /><testcase classname="tests.test_edge_provenance.TestTheWholeFixtureRegister" name="test_every_register_fixture_sums_exactly[hub-file-symbols-None-config_overrides7]" time="0.105" /><testcase classname="tests.test_edge_provenance.TestProseFallbackContributions" name="test_region_less_task_edge_is_attributed_to_the_prose_fallback" time="0.000" /><testcase classname="tests.test_edge_provenance.TestContributionCap" name="test_over_cap_edge_records_exactly_the_cap_and_reports_the_true_total" time="0.001" /><testcase classname="tests.test_edge_provenance.TestContributionCap" name="test_under_cap_edge_records_everything_and_truncates_nothing" time="0.000" /><testcase classname="tests.test_edge_provenance.TestContributionCap" name="test_the_document_carries_the_counters" time="0.001" /><testcase classname="tests.test_edge_provenance.TestWithdrawnEdges" name="test_mutual_reference_withdrawal_is_structured" time="0.000" /><testcase classname="tests.test_edge_provenance.TestWithdrawnEdges" name="test_withdrawn_edges_leave_the_dependency_ledger" time="0.000" /><testcase classname="tests.test_edge_provenance.TestWithdrawnEdges" name="test_longer_cycle_records_its_members" time="0.000" /><testcase classname="tests.test_edge_provenance.TestWithdrawnEdges" name="test_document_serializes_withdrawn_records" time="0.001" /><testcase classname="tests.test_edge_provenance.TestGroupRollup" name="test_internal_and_external_affinity_split_by_membership" time="0.000" /><testcase classname="tests.test_edge_provenance.TestGroupRollup" name="test_upstream_dependency_edges_are_listed_per_group" time="0.000" /><testcase classname="tests.test_edge_provenance.TestGroupRollup" name="test_a_graph_without_ledgers_degrades_instead_of_raising" time="0.000" /><testcase classname="tests.test_edge_provenance.TestSidecarIsWritten" name="test_no_spec_writes_the_sidecar" time="0.109" /><testcase classname="tests.test_edge_provenance.TestSidecarIsWritten" name="test_recorder_is_inert" time="0.213" /><testcase classname="tests.test_escalation.TestCoderReportNeedsInput" name="test_needs_input_requires_a_question" time="0.001" /><testcase classname="tests.test_escalation.TestCoderReportNeedsInput" name="test_needs_input_with_a_question_round_trips" time="0.000" /><testcase classname="tests.test_escalation.TestCoderReportNeedsInput" name="test_other_statuses_do_not_require_a_question" time="0.000" /><testcase classname="tests.test_escalation.TestEscalationModels" name="test_request_round_trips_losslessly" time="0.000" /><testcase classname="tests.test_escalation.TestEscalationModels" name="test_response_round_trips_losslessly" time="0.000" /><testcase classname="tests.test_escalation.TestEscalationModels" name="test_response_defaults_are_minimal" time="0.000" /><testcase classname="tests.test_escalation.TestEscalationPolicy" name="test_autonomous_escalates_nothing" time="0.000" /><testcase classname="tests.test_escalation.TestEscalationPolicy" name="test_on_failure_escalates_caps_exhausted_and_group_resolve" time="0.000" /><testcase classname="tests.test_escalation.TestEscalationPolicy" name="test_on_stuck_covers_stuck_and_failure_but_not_approval_gates" time="0.000" /><testcase classname="tests.test_escalation.TestEscalationPolicy" name="test_interactive_escalates_every_kind" time="0.000" /><testcase classname="tests.test_escalation.TestEscalationPolicy" name="test_orchestrator_only_suppresses_the_coder_question_channel" time="0.000" /><testcase classname="tests.test_escalation.TestEscalationPolicy" name="test_orchestrator_only_still_suppresses_question_at_interactive" time="0.000" /><testcase classname="tests.test_escalation.TestEscalationConfig" name="test_defaults_load_without_a_file" time="0.000" /><testcase classname="tests.test_escalation.TestEscalationConfig" name="test_toml_overrides_merge_over_defaults" time="0.001" /><testcase classname="tests.test_escalation.TestEscalationConfig" name="test_invalid_intensity_is_rejected" time="0.001" /><testcase classname="tests.test_escalation.TestEscalationConfig" name="test_absent_section_keeps_full_defaults" time="0.000" /><testcase classname="tests.test_escalation.TestEscalationBroker" name="test_request_then_response_happy_path" time="0.012" /><testcase classname="tests.test_escalation.TestEscalationBroker" name="test_request_file_is_written_and_matches_by_correlation_id" time="0.014" /><testcase classname="tests.test_escalation.TestEscalationBroker" name="test_timeout_with_autonomous_fallback_returns_none" time="0.053" /><testcase classname="tests.test_escalation.TestEscalationBroker" name="test_timeout_with_skip_synthesizes_a_skip_response" time="0.056" /><testcase classname="tests.test_escalation.TestEscalationBroker" name="test_abort_event_unblocks_a_waiter_promptly" time="0.052" /><testcase classname="tests.test_escalation.TestEscalationBroker" name="test_pending_escalations_lists_unanswered_requests_only" time="0.002" /><testcase classname="tests.test_escalation.TestEscalationBroker" name="test_event_log_records_raise_and_answer" time="0.012" /><testcase classname="tests.test_escalation.TestEscalationBroker" name="test_pending_escalations_empty_when_no_directory" time="0.001" /><testcase classname="tests.test_escalation.TestEscalationBroker" name="test_raise_prints_id_kind_and_group_to_stdout" time="0.012" /><testcase classname="tests.test_escalation.TestEscalationBroker" name="test_raise_names_pending_groups_when_a_provider_is_wired" time="0.012" /><testcase classname="tests.test_escalation.TestEscalationBroker" name="test_raise_omits_the_blocks_clause_when_nothing_is_pending" time="0.013" /><testcase classname="tests.test_escalation.TestEscalationBroker" name="test_raise_with_no_provider_wired_prints_no_blocks_clause" time="0.012" /><testcase classname="tests.test_escalation.TestAnswerEscalation" name="test_writes_the_response_file_and_returns_its_path" time="0.002" /><testcase classname="tests.test_escalation.TestAnswerEscalation" name="test_the_answered_escalation_stops_being_pending" time="0.001" /><testcase classname="tests.test_escalation.TestAnswerEscalation" name="test_a_plain_string_action_is_accepted" time="0.001" /><testcase classname="tests.test_escalation.TestAnswerEscalation" name="test_unknown_escalation_id_raises" time="0.001" /><testcase classname="tests.test_escalation.TestAnswerEscalation" name="test_answering_twice_raises_and_leaves_the_first_answer_intact" time="0.001" /><testcase classname="tests.test_escalation.TestAnswerEscalation" name="test_answering_prints_the_action_taken_to_stdout" time="0.001" /><testcase classname="tests.test_estimator.TestTokenEstimate" name="test_over_budget_group_is_flagged" time="0.000" /><testcase classname="tests.test_estimator.TestTokenEstimate" name="test_under_budget_group_passes" time="0.000" /><testcase classname="tests.test_estimator.TestTokenEstimate" name="test_formula_components" time="0.000" /><testcase classname="tests.test_estimator.TestTokenEstimate" name="test_node_work_reads_adapter_metadata_shape" time="0.000" /><testcase classname="tests.test_estimator.TestTokenEstimate" name="test_node_work_counts_prospective_files_in_allowance" time="0.000" /><testcase classname="tests.test_estimator.TestTokenEstimate" name="test_node_work_prices_hinted_prospective_file_by_class" time="0.000" /><testcase classname="tests.test_estimator.TestTokenEstimate" name="test_node_work_with_no_size_hints_key_matches_today" time="0.000" /><testcase classname="tests.test_estimator.TestTokenEstimate" name="test_node_work_with_empty_size_hints_matches_no_hints" time="0.000" /><testcase classname="tests.test_estimator.TestTokenEstimate" name="test_estimate_group_tokens_unchanged_for_group_with_no_hinted_files" time="0.000" /><testcase classname="tests.test_estimator.TestTokenEstimate" name="test_partition_budget_cap_subtracts_slacked_head" time="0.000" /><testcase classname="tests.test_estimator.TestTokenEstimate" name="test_partition_budget_cap_never_negative" time="0.000" /><testcase classname="tests.test_estimator.TestDifficulty" name="test_hard_group_scores_above_easy_group" time="0.000" /><testcase classname="tests.test_estimator.TestDifficulty" name="test_score_stays_in_unit_interval" time="0.000" /><testcase classname="tests.test_estimator.TestDifficulty" name="test_ae7_low_difficulty_maps_to_self_verify" time="0.000" /><testcase classname="tests.test_estimator.TestDifficulty" name="test_ae7_high_difficulty_maps_to_paired_plus" time="0.000" /><testcase classname="tests.test_estimator.TestDifficulty" name="test_between_thresholds_maps_to_paired" time="0.000" /><testcase classname="tests.test_estimator.TestDifficulty" name="test_thresholds_come_from_config" time="0.000" /><testcase classname="tests.test_export" name="test_exports_run_group_session_join" time="0.004" /><testcase classname="tests.test_export" name="test_transcript_reresolved_by_session_id_and_missing_marked" time="0.002" /><testcase classname="tests.test_export" name="test_groups_and_sessions_in_chronological_order" time="0.002" /><testcase classname="tests.test_export" name="test_stale_failure_normalized_to_null" time="0.002" /><testcase classname="tests.test_export" name="test_artifacts_inline_status_surprises_and_denials" time="0.003" /><testcase classname="tests.test_export" name="test_half_written_artifact_lists_with_error" time="0.005" /><testcase classname="tests.test_export" name="test_escalations_attach_to_their_group_with_response" time="0.003" /><testcase classname="tests.test_export" name="test_old_run_missing_fields_export_as_null" time="0.002" /><testcase classname="tests.test_export" name="test_export_run_writes_ingest_json" time="0.002" /><testcase classname="tests.test_export" name="test_missing_run_dir_is_an_export_error" time="0.001" /><testcase classname="tests.test_export" name="test_a_run_with_no_base_session_exports_no_base_row" time="0.002" /><testcase classname="tests.test_fingerprint_compare.TestResumeMismatchFails" name="test_resume_with_a_different_index_exits_nonzero_naming_both_fingerprints" time="0.214" /><testcase classname="tests.test_fingerprint_compare.TestAllowDriftRepartitions" name="test_allow_index_drift_warns_and_repartitions_instead_of_reusing" time="0.448" /><testcase classname="tests.test_fingerprint_compare.TestFreshGroupUnaffected" name="test_fresh_group_invocation_never_fails_on_mismatch" time="0.233" /><testcase classname="tests.test_fingerprint_compare.TestMatchProceedsSilently" name="test_resume_with_a_matching_index_prints_no_drift_warning" time="0.338" /><testcase classname="tests.test_finish" name="test_push_integration_branch_invokes_git_push_and_raises_on_failure" time="0.001" /><testcase classname="tests.test_finish" name="test_finish_pushes_the_integration_branch" time="0.077" /><testcase classname="tests.test_finish" name="test_finish_opens_a_ready_for_review_pr_against_the_launch_branch" time="0.090" /><testcase classname="tests.test_finish" name="test_pr_body_lists_groups_state_summary_sessions_and_unmerged" time="0.098" /><testcase classname="tests.test_finish" name="test_detached_head_run_still_pushes_and_skips_pr" time="0.076" /><testcase classname="tests.test_finish" name="test_gh_absent_never_blocks_and_reports_the_reason" time="0.095" /><testcase classname="tests.test_finish" name="test_non_github_remote_never_blocks" time="0.073" /><testcase classname="tests.test_finish" name="test_teardown_removes_merged_worktree_keeps_unmerged" time="0.089" /><testcase classname="tests.test_finish" name="test_leftover_patch_written_before_force_removal" time="0.079" /><testcase classname="tests.test_finish" name="test_scratch_and_heartbeat_archived_under_run_dir_gone_from_worktree" time="0.067" /><testcase classname="tests.test_finish" name="test_delete_branch_if_merged_keeps_a_branch_git_considers_unmerged" time="0.052" /><testcase classname="tests.test_finish" name="test_delete_branch_if_merged_deletes_a_merged_branch" time="0.076" /><testcase classname="tests.test_finish" name="test_run_is_finishable_true_only_when_every_group_completed_and_merged" time="0.147" /><testcase classname="tests.test_finish" name="test_finish_adopts_a_legacy_integration_worktree" time="0.079" /><testcase classname="tests.test_finish" name="test_finish_tears_down_a_legacy_group_worktree" time="0.085" /><testcase classname="tests.test_finish" name="test_finish_names_the_missing_integration_worktree" time="0.083" /><testcase classname="tests.test_finish" name="test_finish_announces_pending_surprise_residue_with_bucket_and_reason" time="0.075" /><testcase classname="tests.test_finish" name="test_finish_reports_none_pending_for_an_empty_board" time="0.075" /><testcase classname="tests.test_golden_partitions.TestGoldenPartitions" name="test_matches_committed_baseline[greenfield-cross-stack-None-config_overrides0]" time="0.107" /><testcase classname="tests.test_golden_partitions.TestGoldenPartitions" name="test_matches_committed_baseline[brownfield-cross-stack-real_files1-config_overrides1]" time="0.111" /><testcase classname="tests.test_golden_partitions.TestGoldenPartitions" name="test_matches_committed_baseline[hub-in-the-middle-None-config_overrides2]" time="0.105" /><testcase classname="tests.test_golden_partitions.TestGoldenPartitions" name="test_matches_committed_baseline[no-affinity-sink-None-config_overrides3]" time="0.109" /><testcase classname="tests.test_golden_partitions.TestGoldenPartitions" name="test_matches_committed_baseline[slice-over-budget-None-config_overrides4]" time="0.105" /><testcase classname="tests.test_golden_partitions.TestGoldenPartitions" name="test_matches_committed_baseline[pure-backend-None-config_overrides5]" time="0.105" /><testcase classname="tests.test_golden_partitions.TestGoldenPartitions" name="test_matches_committed_baseline[observatory-round-a-None-config_overrides6]" time="0.106" /><testcase classname="tests.test_golden_partitions.TestGoldenPartitions" name="test_matches_committed_baseline[hub-file-symbols-None-config_overrides7]" time="0.107" /><testcase classname="tests.test_golden_partitions.TestGoldenPartitions" name="test_no_group_work_crosses_the_cap[greenfield-cross-stack-None-config_overrides0]" time="0.109" /><testcase classname="tests.test_golden_partitions.TestGoldenPartitions" name="test_no_group_work_crosses_the_cap[brownfield-cross-stack-real_files1-config_overrides1]" time="0.113" /><testcase classname="tests.test_golden_partitions.TestGoldenPartitions" name="test_no_group_work_crosses_the_cap[hub-in-the-middle-None-config_overrides2]" time="0.107" /><testcase classname="tests.test_golden_partitions.TestGoldenPartitions" name="test_no_group_work_crosses_the_cap[no-affinity-sink-None-config_overrides3]" time="0.107" /><testcase classname="tests.test_golden_partitions.TestGoldenPartitions" name="test_no_group_work_crosses_the_cap[pure-backend-None-config_overrides4]" time="0.107" /><testcase classname="tests.test_golden_partitions.TestGoldenPartitions" name="test_no_group_work_crosses_the_cap[observatory-round-a-None-config_overrides5]" time="0.111" /><testcase classname="tests.test_golden_partitions.TestGoldenPartitions" name="test_no_group_work_crosses_the_cap[hub-file-symbols-None-config_overrides6]" time="0.105" /><testcase classname="tests.test_golden_partitions.TestGoldenPartitions" name="test_symbol_bearing_fixture_is_covered" time="0.000" /><testcase classname="tests.test_graphing.TestSharedFileEdges" name="test_shared_file_produces_edge_scaling_with_overlap" time="0.000" /><testcase classname="tests.test_graphing.TestSharedFileEdges" name="test_shared_files_carry_no_dependency_direction" time="0.000" /><testcase classname="tests.test_graphing.TestCallProximityEdges" name="test_caller_task_depends_on_callee_task" time="0.000" /><testcase classname="tests.test_graphing.TestCallProximityEdges" name="test_same_relation_seen_from_both_sides_counts_once" time="0.000" /><testcase classname="tests.test_graphing.TestCallProximityEdges" name="test_unrelated_tasks_get_no_edge" time="0.000" /><testcase classname="tests.test_graphing.TestInferredPrecedenceIsWithdrawnOnCycles" name="test_mutual_reference_yields_no_precedence" time="0.000" /><testcase classname="tests.test_graphing.TestInferredPrecedenceIsWithdrawnOnCycles" name="test_mutual_reference_keeps_full_affinity" time="0.000" /><testcase classname="tests.test_graphing.TestInferredPrecedenceIsWithdrawnOnCycles" name="test_longer_cycle_without_any_mutual_pair_is_still_broken" time="0.000" /><testcase classname="tests.test_graphing.TestInferredPrecedenceIsWithdrawnOnCycles" name="test_one_directional_inferred_precedence_survives" time="0.000" /><testcase classname="tests.test_graphing.TestInferredPrecedenceIsWithdrawnOnCycles" name="test_declared_precedence_is_never_withdrawn" time="0.000" /><testcase classname="tests.test_graphing.TestInferredPrecedenceIsWithdrawnOnCycles" name="test_a_declared_only_cycle_fails_loudly" time="0.000" /><testcase classname="tests.test_graphing.TestInferredPrecedenceIsWithdrawnOnCycles" name="test_the_withdrawal_is_reported_through_flags" time="0.000" /><testcase classname="tests.test_graphing.TestImpactEdges" name="test_impact_overlap_produces_edge" time="0.000" /><testcase classname="tests.test_graphing.TestFailureModes" name="test_empty_output_fails_loudly" time="0.000" /><testcase classname="tests.test_graphing.TestFailureModes" name="test_invalid_json_fails_loudly" time="0.000" /><testcase classname="tests.test_graphing.TestFailureModes" name="test_missing_expected_key_fails_loudly" time="0.000" /><testcase classname="tests.test_graphing.TestFailureModes" name="test_non_list_payload_fails_loudly" time="0.000" /><testcase classname="tests.test_graphing.TestFailureModes" name="test_duplicate_task_ids_rejected" time="0.000" /><testcase classname="tests.test_graphing.TestFailureModes" name="test_symbol_not_found_plain_text_is_empty_result_not_error" time="0.000" /><testcase classname="tests.test_graphing.TestQueriesAndMetadata" name="test_call_queries_pass_explicit_high_limit" time="0.000" /><testcase classname="tests.test_graphing.TestQueriesAndMetadata" name="test_metadata_carries_estimator_inputs" time="0.001" /><testcase classname="tests.test_graphing.TestQueriesAndMetadata" name="test_files_overview_strips_ansi_escapes" time="0.000" /><testcase classname="tests.test_graphing.TestQueriesAndMetadata" name="test_sync_calls_the_runner_with_the_sync_argv" time="0.000" /><testcase classname="tests.test_graphing.TestQueriesAndMetadata" name="test_sync_takes_the_project_path_positionally" time="0.000" /><testcase classname="tests.test_graphing.TestQueriesAndMetadata" name="test_query_commands_keep_the_path_flag" time="0.000" /><testcase classname="tests.test_graphing.TestQueriesAndMetadata" name="test_identical_queries_are_memoized" time="0.000" /><testcase classname="tests.test_graphing.TestQueriesAndMetadata" name="test_regionless_task_is_isolated_node" time="0.000" /><testcase classname="tests.test_graphing.TestPlanTimeSignals" name="test_shared_prospective_file_produces_affinity" time="0.000" /><testcase classname="tests.test_graphing.TestPlanTimeSignals" name="test_depends_on_yields_directed_dependency_without_affinity" time="0.000" /><testcase classname="tests.test_graphing.TestPlanTimeSignals" name="test_scaffold_everyone_depends_on_becomes_utility_hub" time="0.000" /><testcase classname="tests.test_graphing.TestPlanTimeSignals" name="test_matched_route_tags_produce_symmetric_semantic_edge" time="0.000" /><testcase classname="tests.test_graphing.TestPlanTimeSignals" name="test_unmatched_tags_produce_no_edge" time="0.000" /><testcase classname="tests.test_graphing.TestPlanTimeSignals" name="test_normalization_caps_semantics_on_edit_heavy_plans" time="0.000" /><testcase classname="tests.test_graphing.TestPlanTimeSignals" name="test_normalization_lands_between_bounds_on_mixed_plans" time="0.000" /><testcase classname="tests.test_graphing.TestPlanTimeSignals" name="test_metadata_carries_slice_and_route_tags" time="0.000" /><testcase classname="tests.test_graphing.TestCapturedFixtures" name="test_fixture_graph_builds_with_real_shapes" time="0.000" /><testcase classname="tests.test_graphing.TestCapturedFixtures" name="test_fixture_graph_feeds_partition_without_adaptation" time="0.001" /><testcase classname="tests.test_grouper_pipeline.TestOrchestratorThinkingPolicy" name="test_mapper_speccer_calls_pin_adaptive_thinking_at_the_high_budget" time="0.000" /><testcase classname="tests.test_grouper_pipeline.TestCallLlmJson" name="test_valid_json_passes_through_validator" time="0.000" /><testcase classname="tests.test_grouper_pipeline.TestCallLlmJson" name="test_invalid_json_retries_with_corrective_nudge" time="0.000" /><testcase classname="tests.test_grouper_pipeline.TestCallLlmJson" name="test_persistent_failure_aborts_and_saves_raw_output" time="0.002" /><testcase classname="tests.test_grouper_pipeline.TestMapperVerification" name="test_hallucinated_symbol_dropped_flagged_task_still_grouped" time="0.106" /><testcase classname="tests.test_grouper_pipeline.TestMapperVerification" name="test_nonexistent_file_dropped_and_flagged" time="0.106" /><testcase classname="tests.test_grouper_pipeline.TestMapperVerification" name="test_unmappable_task_rides_along_as_regionless_node" time="0.109" /><testcase classname="tests.test_grouper_pipeline.TestMapperVerification" name="test_mapper_returning_no_tasks_aborts" time="0.105" /><testcase classname="tests.test_grouper_pipeline.TestMapperVerification" name="test_mapper_nonlist_files_triggers_validation_retry" time="0.105" /><testcase classname="tests.test_grouper_pipeline.TestMapperVerification" name="test_adjacent_regionless_tasks_do_not_double_prose_affinity" time="0.000" /><testcase classname="tests.test_grouper_pipeline.TestTaskMapRegimes" name="test_pure_greenfield_yields_ordered_groups_not_independents" time="0.109" /><testcase classname="tests.test_grouper_pipeline.TestTaskMapRegimes" name="test_premapped_plan_never_calls_the_llm_runner" time="0.110" /><testcase classname="tests.test_grouper_pipeline.TestTaskMapRegimes" name="test_plan_without_task_map_keeps_the_mapper_path" time="0.106" /><testcase classname="tests.test_grouper_pipeline.TestTaskMapRegimes" name="test_mixed_plan_co_groups_cross_stack_halves" time="0.105" /><testcase classname="tests.test_grouper_pipeline.TestTaskMapRegimes" name="test_malformed_task_map_fails_loudly_with_zero_llm_calls" time="0.104" /><testcase classname="tests.test_grouper_pipeline.TestTaskMapRegimes" name="test_premapped_output_is_byte_deterministic" time="0.214" /><testcase classname="tests.test_grouper_pipeline.TestTaskMapRegimes" name="test_prospective_file_task_gets_no_prose_fallback" time="0.000" /><testcase classname="tests.test_grouper_pipeline.TestPipeline" name="test_ae1_cohesive_plan_yields_exactly_one_group" time="0.104" /><testcase classname="tests.test_grouper_pipeline.TestPipeline" name="test_groups_carry_r6_contract_fields" time="0.106" /><testcase classname="tests.test_grouper_pipeline.TestPipeline" name="test_group_estimate_counts_shared_file_once" time="0.111" /><testcase classname="tests.test_grouper_pipeline.TestPipeline" name="test_determinism_byte_identical_output" time="0.211" /><testcase classname="tests.test_grouper_pipeline.TestBaseContext" name="test_compiles_conventions_plan_and_codegraph_summary" time="0.005" /><testcase classname="tests.test_grouper_pipeline.TestBaseContext" name="test_missing_convention_files_tolerated" time="0.003" /><testcase classname="tests.test_grouper_pipeline.TestBaseContext" name="test_byte_stable" time="0.002" /><testcase classname="tests.test_grouper_pipeline.TestDryRunCli" name="test_group_dry_run_prints_groups_and_estimates" time="0.114" /><testcase classname="tests.test_grouper_pipeline.TestDryRunCli" name="test_group_writes_artifacts_without_dry_run" time="0.115" /><testcase classname="tests.test_grouper_pipeline.TestDryRunCli" name="test_group_with_explicit_name_writes_under_that_directory" time="0.115" /><testcase classname="tests.test_grouper_pipeline.TestDryRunCli" name="test_group_name_with_path_separator_is_rejected_before_writing" time="0.003" /><testcase classname="tests.test_grouper_pipeline.TestDryRunCli" name="test_group_name_with_dotdot_alone_is_rejected" time="0.004" /><testcase classname="tests.test_grouper_pipeline.TestDryRunCli" name="test_malformed_config_fails_cleanly" time="0.003" /><testcase classname="tests.test_grouper_pipeline.TestDryRunCli" name="test_unknown_plan_path_fails_actionably" time="0.003" /><testcase classname="tests.test_grouper_pipeline.TestComputePartition" name="test_returns_every_r18_field" time="0.110" /><testcase classname="tests.test_grouper_pipeline.TestComputePartition" name="test_task_map_plan_never_calls_the_llm_runner" time="0.108" /><testcase classname="tests.test_grouper_pipeline.TestComputePartition" name="test_run_grouping_partition_matches_compute_partition_alone" time="0.209" /><testcase classname="tests.test_grouper_pipeline.TestNoSpecCli" name="test_no_spec_prints_r18_items_and_never_calls_the_llm" time="0.111" /><testcase classname="tests.test_grouper_pipeline.TestNoSpecCli" name="test_no_spec_completes_in_under_a_second" time="0.110" /><testcase classname="tests.test_grouper_pipeline.TestGroupingTraceArtifact" name="test_full_group_writes_trace_alongside_groups_json" time="0.109" /><testcase classname="tests.test_grouper_pipeline.TestGroupingTraceArtifact" name="test_no_spec_trace_is_byte_identical_across_repeated_runs" time="0.226" /><testcase classname="tests.test_grouper_pipeline.TestGroupingTraceArtifact" name="test_failing_group_still_writes_a_trace_naming_the_failure" time="0.106" /><testcase classname="tests.test_grouper_pipeline.TestGroupingTraceArtifact" name="test_slice_overflow_shaped_failure_message_is_captured_verbatim" time="0.004" /><testcase classname="tests.test_grouper_pipeline.TestSyncGate" name="test_sync_runs_before_files_overview" time="0.106" /><testcase classname="tests.test_grouper_pipeline.TestSyncGate" name="test_run_grouping_also_syncs_first" time="0.106" /><testcase classname="tests.test_grouper_pipeline.TestUnknownSymbolGate" name="test_unknown_symbol_raises_grouper_error_naming_task_and_symbol" time="0.103" /><testcase classname="tests.test_grouper_pipeline.TestUnknownSymbolGate" name="test_allow_unknown_symbols_flag_restores_drop_with_flag" time="0.106" /><testcase classname="tests.test_grouper_pipeline.TestUnknownSymbolGate" name="test_cli_allow_unknown_symbols_flag" time="0.217" /><testcase classname="tests.test_grouper_pipeline.TestUnknownSymbolGate" name="test_prospective_files_unaffected_by_the_flag" time="0.103" /><testcase classname="tests.test_grouper_pipeline.TestUnknownSymbolGate" name="test_mapper_fallback_keeps_drop_with_flag_regardless_of_the_flag" time="0.206" /><testcase classname="tests.test_grouper_pipeline.TestSelfModificationWarning" name="test_flag_and_stderr_warning_when_plan_touches_orchestrator" time="0.108" /><testcase classname="tests.test_grouper_pipeline.TestSelfModificationWarning" name="test_no_warning_when_plan_does_not_touch_orchestrator" time="0.121" /><testcase classname="tests.test_grouper_pipeline.TestSelfModificationWarning" name="test_no_spec_path_also_flags_and_warns" time="0.110" /><testcase classname="tests.test_grouper_pipeline.TestTaskMapStripping" name="test_base_context_has_no_marker_or_heading" time="0.109" /><testcase classname="tests.test_grouper_pipeline.TestTaskMapStripping" name="test_base_context_compilation_stays_byte_stable" time="0.007" /><testcase classname="tests.test_grouper_pipeline.TestTaskMapStripping" name="test_budget_cap_is_derived_from_the_stripped_base_context" time="0.106" /><testcase classname="tests.test_grouper_pipeline.TestTaskMapStripping" name="test_assembled_spec_has_no_version_marker" time="0.108" /><testcase classname="tests.test_grouper_pipeline.TestTaskMapStripping" name="test_rewrite_prompt_has_no_version_marker" time="0.001" /><testcase classname="tests.test_grouper_pipeline.TestTaskMapStripping" name="test_plan_file_on_disk_is_byte_identical_after_group" time="0.113" /><testcase classname="tests.test_grouper_pipeline.TestLayeredContext" name="test_base_context_carries_digest_not_full_sections" time="0.105" /><testcase classname="tests.test_grouper_pipeline.TestLayeredContext" name="test_group_spec_plus_base_context_covers_its_own_sections_exactly_once" time="0.107" /><testcase classname="tests.test_grouper_pipeline.TestLayeredContext" name="test_base_tokens_and_cap_derive_from_the_digest_with_no_compensation" time="0.106" /><testcase classname="tests.test_grouper_pipeline.TestStageProgress" name="test_no_spec_path_emits_mapper_graph_partition_stages_in_order" time="0.103" /><testcase classname="tests.test_grouper_pipeline.TestStageProgress" name="test_full_pipeline_emits_the_assemble_stage_with_no_per_spec_progress" time="0.108" /><testcase classname="tests.test_grouper_pipeline.TestStageProgress" name="test_no_recorder_and_no_progress_still_works" time="0.104" /><testcase classname="tests.test_grouper_pipeline.TestSliceOverflowAccumulation" name="test_three_over_cap_slices_all_named_in_one_error" time="0.000" /><testcase classname="tests.test_grouper_pipeline.TestSliceOverflowAccumulation" name="test_single_over_cap_slice_wording_is_unchanged" time="0.000" /><testcase classname="tests.test_grouper_pipeline.TestSliceOverflowAccumulation" name="test_allow_oversized_slice_still_accepts_every_offender" time="0.000" /><testcase classname="tests.test_grouper_pipeline.TestSliceReentryPipeline" name="test_run10_shape_names_slice_path_and_both_remedies" time="0.103" /><testcase classname="tests.test_grouper_pipeline.TestSliceReentryPipeline" name="test_two_independent_reentrant_slices_reported_together" time="0.104" /><testcase classname="tests.test_grouper_pipeline.TestDegeneratePartitionProvenance" name="test_edge_provenance_counts_classify_declared_vs_inferred" time="0.000" /><testcase classname="tests.test_grouper_pipeline.TestDegeneratePartitionProvenance" name="test_degenerate_partition_error_names_counts_and_kinds" time="0.000" /><testcase classname="tests.test_grouper_pipeline.TestDegeneratePartitionProvenance" name="test_allow_degenerate_partition_suppresses_the_error" time="0.000" /><testcase classname="tests.test_grouping_fixtures.TestGreenfieldCrossStack" name="test_partitions_without_cycle_and_slices_intact" time="0.108" /><testcase classname="tests.test_grouping_fixtures.TestBrownfieldCrossStack" name="test_partitions_without_cycle_same_as_greenfield" time="0.107" /><testcase classname="tests.test_grouping_fixtures.TestSliceOverBudget" name="test_slice_stays_whole_even_over_budget" time="0.104" /><testcase classname="tests.test_grouping_fixtures.TestSliceOverBudget" name="test_default_config_rejects_the_overflow_naming_everything" time="0.106" /><testcase classname="tests.test_grouping_fixtures.TestSliceOverBudget" name="test_override_flag_records_the_accepted_overshoot" time="0.105" /><testcase classname="tests.test_grouping_fixtures.TestHubInTheMiddle" name="test_partitions_without_cycle" time="0.105" /><testcase classname="tests.test_grouping_fixtures.TestNoAffinitySink" name="test_partitions_without_cycle" time="0.106" /><testcase classname="tests.test_grouping_fixtures.TestPureBackend" name="test_no_cycle_and_both_slices_survive" time="0.107" /><testcase classname="tests.test_grouping_fixtures.TestObservatoryRoundA" name="test_partitions_without_cycle_and_slices_intact" time="0.109" /><testcase classname="tests.test_grouping_fixtures.TestGranularityLadderFixture" name="test_omitting_the_flag_matches_independent" time="0.214" /><testcase classname="tests.test_grouping_fixtures.TestGranularityLadderFixture" name="test_ladder_is_strictly_monotone_non_increasing" time="0.314" /><testcase classname="tests.test_grouping_fixtures.TestGranularityLadderFixture" name="test_no_slice_split_no_cycle_no_over_cap_at_every_level" time="0.312" /><testcase classname="tests.test_grouping_fixtures.TestGranularityLadderFixture" name="test_deterministic_across_runs_at_every_level" time="0.640" /><testcase classname="tests.test_grouping_fixtures.TestProperties" name="test_no_group_summed_work_exceeds_budget_cap[greenfield-cross-stack-None-config_overrides0]" time="0.108" /><testcase classname="tests.test_grouping_fixtures.TestProperties" name="test_no_group_summed_work_exceeds_budget_cap[brownfield-cross-stack-real_files1-config_overrides1]" time="0.109" /><testcase classname="tests.test_grouping_fixtures.TestProperties" name="test_no_group_summed_work_exceeds_budget_cap[hub-in-the-middle-None-config_overrides2]" time="0.112" /><testcase classname="tests.test_grouping_fixtures.TestProperties" name="test_no_group_summed_work_exceeds_budget_cap[no-affinity-sink-None-config_overrides3]" time="0.110" /><testcase classname="tests.test_grouping_fixtures.TestProperties" name="test_no_group_summed_work_exceeds_budget_cap[pure-backend-None-config_overrides4]" time="0.112" /><testcase classname="tests.test_grouping_fixtures.TestProperties" name="test_no_group_summed_work_exceeds_budget_cap[observatory-round-a-None-config_overrides5]" time="0.108" /><testcase classname="tests.test_grouping_fixtures.TestProperties" name="test_no_group_summed_work_exceeds_budget_cap[hub-file-symbols-None-config_overrides6]" time="0.108" /><testcase classname="tests.test_grouping_fixtures.TestProperties" name="test_task_precedence_is_a_dag[greenfield-cross-stack-None-config_overrides0]" time="0.109" /><testcase classname="tests.test_grouping_fixtures.TestProperties" name="test_task_precedence_is_a_dag[brownfield-cross-stack-real_files1-config_overrides1]" time="0.106" /><testcase classname="tests.test_grouping_fixtures.TestProperties" name="test_task_precedence_is_a_dag[hub-in-the-middle-None-config_overrides2]" time="0.105" /><testcase classname="tests.test_grouping_fixtures.TestProperties" name="test_task_precedence_is_a_dag[no-affinity-sink-None-config_overrides3]" time="0.107" /><testcase classname="tests.test_grouping_fixtures.TestProperties" name="test_task_precedence_is_a_dag[slice-over-budget-None-config_overrides4]" time="0.104" /><testcase classname="tests.test_grouping_fixtures.TestProperties" name="test_task_precedence_is_a_dag[pure-backend-None-config_overrides5]" time="0.108" /><testcase classname="tests.test_grouping_fixtures.TestProperties" name="test_task_precedence_is_a_dag[observatory-round-a-None-config_overrides6]" time="0.107" /><testcase classname="tests.test_grouping_fixtures.TestProperties" name="test_task_precedence_is_a_dag[hub-file-symbols-None-config_overrides7]" time="0.108" /><testcase classname="tests.test_grouping_fixtures.TestProperties" name="test_partitioning_is_byte_stable_across_runs[greenfield-cross-stack-None-config_overrides0]" time="0.214" /><testcase classname="tests.test_grouping_fixtures.TestProperties" name="test_partitioning_is_byte_stable_across_runs[brownfield-cross-stack-real_files1-config_overrides1]" time="0.223" /><testcase classname="tests.test_grouping_fixtures.TestProperties" name="test_partitioning_is_byte_stable_across_runs[hub-in-the-middle-None-config_overrides2]" time="0.216" /><testcase classname="tests.test_grouping_fixtures.TestProperties" name="test_partitioning_is_byte_stable_across_runs[no-affinity-sink-None-config_overrides3]" time="0.215" /><testcase classname="tests.test_grouping_fixtures.TestProperties" name="test_partitioning_is_byte_stable_across_runs[slice-over-budget-None-config_overrides4]" time="0.210" /><testcase classname="tests.test_grouping_fixtures.TestProperties" name="test_partitioning_is_byte_stable_across_runs[pure-backend-None-config_overrides5]" time="0.213" /><testcase classname="tests.test_grouping_fixtures.TestProperties" name="test_partitioning_is_byte_stable_across_runs[observatory-round-a-None-config_overrides6]" time="0.223" /><testcase classname="tests.test_grouping_fixtures.TestProperties" name="test_partitioning_is_byte_stable_across_runs[hub-file-symbols-None-config_overrides7]" time="0.211" /><testcase classname="tests.test_grouping_fixtures.TestHubFileSymbols" name="test_partition_is_not_degenerate" time="0.105" /><testcase classname="tests.test_grouping_fixtures.TestHubFileSymbols" name="test_inferred_precedence_is_withdrawn_but_declared_precedence_survives" time="0.106" /><testcase classname="tests.test_grouping_fixtures.TestHubFileSymbols" name="test_withdrawn_precedence_is_kept_as_affinity" time="0.106" /><testcase classname="tests.test_grouping_fixtures.TestHubFileSymbols" name="test_the_withdrawal_is_reported_to_the_operator" time="0.109" /><testcase classname="tests.test_grouping_trace.TestRecorderIsInert" name="test_partition_identical_with_and_without_recorder[greenfield-cross-stack-None-config_overrides0]" time="0.217" /><testcase classname="tests.test_grouping_trace.TestRecorderIsInert" name="test_partition_identical_with_and_without_recorder[brownfield-cross-stack-real_files1-config_overrides1]" time="0.224" /><testcase classname="tests.test_grouping_trace.TestRecorderIsInert" name="test_partition_identical_with_and_without_recorder[hub-in-the-middle-None-config_overrides2]" time="0.217" /><testcase classname="tests.test_grouping_trace.TestRecorderIsInert" name="test_partition_identical_with_and_without_recorder[no-affinity-sink-None-config_overrides3]" time="0.221" /><testcase classname="tests.test_grouping_trace.TestRecorderIsInert" name="test_partition_identical_with_and_without_recorder[slice-over-budget-None-config_overrides4]" time="0.221" /><testcase classname="tests.test_grouping_trace.TestRecorderIsInert" name="test_partition_identical_with_and_without_recorder[pure-backend-None-config_overrides5]" time="0.213" /><testcase classname="tests.test_grouping_trace.TestRecorderIsInert" name="test_partition_identical_with_and_without_recorder[observatory-round-a-None-config_overrides6]" time="0.215" /><testcase classname="tests.test_grouping_trace.TestRecorderIsInert" name="test_partition_identical_with_and_without_recorder[hub-file-symbols-None-config_overrides7]" time="0.213" /><testcase classname="tests.test_grouping_trace.TestStageEntriesRecorded" name="test_greenfield_cross_stack_has_one_entry_per_executed_stage" time="0.110" /><testcase classname="tests.test_grouping_trace.TestTraceIsReplayable" name="test_replaying_stages_reconstructs_the_final_partition[greenfield-cross-stack-None-config_overrides0]" time="0.114" /><testcase classname="tests.test_grouping_trace.TestTraceIsReplayable" name="test_replaying_stages_reconstructs_the_final_partition[brownfield-cross-stack-real_files1-config_overrides1]" time="0.113" /><testcase classname="tests.test_grouping_trace.TestTraceIsReplayable" name="test_replaying_stages_reconstructs_the_final_partition[hub-in-the-middle-None-config_overrides2]" time="0.106" /><testcase classname="tests.test_grouping_trace.TestTraceIsReplayable" name="test_replaying_stages_reconstructs_the_final_partition[no-affinity-sink-None-config_overrides3]" time="0.107" /><testcase classname="tests.test_grouping_trace.TestTraceIsReplayable" name="test_replaying_stages_reconstructs_the_final_partition[slice-over-budget-None-config_overrides4]" time="0.108" /><testcase classname="tests.test_grouping_trace.TestTraceIsReplayable" name="test_replaying_stages_reconstructs_the_final_partition[pure-backend-None-config_overrides5]" time="0.109" /><testcase classname="tests.test_grouping_trace.TestTraceIsReplayable" name="test_replaying_stages_reconstructs_the_final_partition[observatory-round-a-None-config_overrides6]" time="0.107" /><testcase classname="tests.test_grouping_trace.TestTraceIsReplayable" name="test_replaying_stages_reconstructs_the_final_partition[hub-file-symbols-None-config_overrides7]" time="0.107" /><testcase classname="tests.test_grouping_trace.TestMergeRejectionReasonsClosedSet" name="test_every_rejected_candidate_has_a_closed_set_reason[greenfield-cross-stack-None-config_overrides0]" time="0.110" /><testcase classname="tests.test_grouping_trace.TestMergeRejectionReasonsClosedSet" name="test_every_rejected_candidate_has_a_closed_set_reason[brownfield-cross-stack-real_files1-config_overrides1]" time="0.109" /><testcase classname="tests.test_grouping_trace.TestMergeRejectionReasonsClosedSet" name="test_every_rejected_candidate_has_a_closed_set_reason[hub-in-the-middle-None-config_overrides2]" time="0.106" /><testcase classname="tests.test_grouping_trace.TestMergeRejectionReasonsClosedSet" name="test_every_rejected_candidate_has_a_closed_set_reason[no-affinity-sink-None-config_overrides3]" time="0.110" /><testcase classname="tests.test_grouping_trace.TestMergeRejectionReasonsClosedSet" name="test_every_rejected_candidate_has_a_closed_set_reason[slice-over-budget-None-config_overrides4]" time="0.111" /><testcase classname="tests.test_grouping_trace.TestMergeRejectionReasonsClosedSet" name="test_every_rejected_candidate_has_a_closed_set_reason[pure-backend-None-config_overrides5]" time="0.109" /><testcase classname="tests.test_grouping_trace.TestMergeRejectionReasonsClosedSet" name="test_every_rejected_candidate_has_a_closed_set_reason[observatory-round-a-None-config_overrides6]" time="0.108" /><testcase classname="tests.test_grouping_trace.TestMergeRejectionReasonsClosedSet" name="test_every_rejected_candidate_has_a_closed_set_reason[hub-file-symbols-None-config_overrides7]" time="0.107" /><testcase classname="tests.test_grouping_trace.TestMergeRejectionReasonsClosedSet" name="test_over_budget_reason_on_the_known_shape" time="0.000" /><testcase classname="tests.test_grouping_trace.TestMergeRejectionReasonsClosedSet" name="test_not_chain_compatible_reason_on_the_known_shape" time="0.000" /><testcase classname="tests.test_grouping_trace.TestMergeRejectionReasonsClosedSet" name="test_would_create_cycle_reason_on_the_known_shape" time="0.000" /><testcase classname="tests.test_grouping_trace.TestMergeRejectionReasonsClosedSet" name="test_makespan_regression_reason_on_a_shape_that_isolates_it" time="0.000" /><testcase classname="tests.test_grouping_trace.TestSchemaVersionAndRoundtrip" name="test_schema_version_is_exposed" time="0.107" /><testcase classname="tests.test_grouping_trace.TestSchemaVersionAndRoundtrip" name="test_roundtrips_through_json_unchanged" time="0.108" /><testcase classname="tests.test_grouping_trace.TestNoTimestampByteStable" name="test_model_has_no_timestamp_field" time="0.000" /><testcase classname="tests.test_grouping_trace.TestNoTimestampByteStable" name="test_serializing_the_same_trace_twice_is_byte_identical" time="0.107" /><testcase classname="tests.test_grouping_trace.TestNoTimestampByteStable" name="test_two_runs_of_the_same_fixture_serialize_identically" time="0.217" /><testcase classname="tests.test_grouping_trace.TestScorecardRecorded" name="test_scorecard_present_and_internally_consistent" time="0.107" /><testcase classname="tests.test_grouping_trace.TestScorecardRecorded" name="test_no_partition_produced_means_no_scorecard" time="0.107" /><testcase classname="tests.test_grouping_trace.TestProvenanceAndIndexFingerprint" name="test_all_fields_recorded" time="0.109" /><testcase classname="tests.test_grouping_trace.TestProvenanceAndIndexFingerprint" name="test_same_plan_repo_commit_and_index_produce_the_same_fingerprint" time="0.214" /><testcase classname="tests.test_grouping_trace.TestProvenanceAndIndexFingerprint" name="test_changing_only_operational_counters_leaves_the_fingerprint_unchanged" time="0.216" /><testcase classname="tests.test_grouping_trace.TestProvenanceAndIndexFingerprint" name="test_changing_the_query_result_changes_the_fingerprint" time="0.220" /><testcase classname="tests.test_grouping_trace.TestAcceptedOvershootRecorded" name="test_repair_overshoot_lands_in_both_flags_and_the_trace" time="0.109" /><testcase classname="tests.test_grouping_trace.TestRunGroupingFillsDifficulty" name="test_full_path_fills_groups_with_signals_score_and_thresholds" time="0.108" /><testcase classname="tests.test_grouping_trace.TestRunGroupingFillsDifficulty" name="test_partition_only_path_leaves_groups_empty" time="0.109" /><testcase classname="tests.test_heartbeat" name="test_mark_round_writes_round_started_at_and_the_round_number" time="0.002" /><testcase classname="tests.test_heartbeat" name="test_a_new_round_moves_round_started_at_forward" time="0.012" /><testcase classname="tests.test_heartbeat" name="test_the_daemon_thread_keeps_updated_at_advancing_during_a_round" time="0.014" /><testcase classname="tests.test_heartbeat" name="test_an_unwritable_run_directory_cannot_fail_the_round" time="0.002" /><testcase classname="tests.test_heartbeat" name="test_the_record_never_names_a_stall" time="0.002" /><testcase classname="tests.test_heartbeat" name="test_read_heartbeat_is_none_for_a_run_that_predates_the_file" time="0.001" /><testcase classname="tests.test_heartbeat" name="test_read_heartbeat_is_none_for_a_torn_file" time="0.002" /><testcase classname="tests.test_heartbeat" name="test_phase_is_recorded_and_survives_into_the_snapshot" time="0.002" /><testcase classname="tests.test_heartbeat" name="test_starting_a_round_supersedes_the_previous_phase" time="0.002" /><testcase classname="tests.test_heartbeat" name="test_a_long_phase_emits_periodic_log_lines_naming_what_it_is_doing" time="0.064" /><testcase classname="tests.test_heartbeat" name="test_log_lines_are_rate_limited_far_below_the_file_tick" time="0.303" /><testcase classname="tests.test_heartbeat" name="test_mark_round_then_mark_phase_keeps_the_phase_the_caller_asked_for" time="0.002" /><testcase classname="tests.test_heartbeat" name="test_a_run_scoped_heartbeat_lives_beside_the_manifest" time="0.002" /><testcase classname="tests.test_heartbeat" name="test_a_run_scoped_log_line_names_the_run_not_a_missing_group" time="0.
[...]
ntries_defaults_to_three" time="0.000" /><testcase classname="tests.test_scheduler" name="test_max_reentries_is_settable_from_config_toml" time="0.001" /><testcase classname="tests.test_scheduler" name="test_runstate_schema_version_roundtrips" time="0.002" /><testcase classname="tests.test_scheduler" name="test_resuming_an_unsupported_schema_version_raises_naming_both_versions" time="0.002" /><testcase classname="tests.test_scheduler" name="test_no_progress_watchdog_aborts_a_wedged_run_naming_blocked_groups" time="0.003" /><testcase classname="tests.test_scheduler" name="test_dependent_stays_pending_while_upstream_is_rewriting" time="0.068" /><testcase classname="tests.test_scheduler" name="test_executor_generation_updates_persist_to_the_state_file" time="0.004" /><testcase classname="tests.test_scheduler" name="test_state_file_shows_transitions_in_order" time="0.004" /><testcase classname="tests.test_scheduler" name="test_unknown_dependency_is_rejected_at_construction" time="0.001" /><testcase classname="tests.test_scheduler" name="test_halt_blocks_admission_of_a_disjoint_group_after_a_failure" time="0.003" /><testcase classname="tests.test_scheduler" name="test_halt_also_triggers_on_an_interrupted_group" time="0.003" /><testcase classname="tests.test_scheduler" name="test_halt_does_not_cancel_in_flight_groups" time="0.015" /><testcase classname="tests.test_scheduler" name="test_halt_returns_cleanly_without_no_progress_error" time="0.003" /><testcase classname="tests.test_scheduler" name="test_overlap_policy_admits_a_disjoint_group_unchanged" time="0.003" /><testcase classname="tests.test_scheduler" name="test_resuming_a_halted_run_with_only_a_failed_group_halts_again" time="0.003" /><testcase classname="tests.test_scheduler" name="test_failed_group_with_stranded_commits_resolves_autonomously" time="0.004" /><testcase classname="tests.test_scheduler" name="test_failed_group_with_nothing_lost_stays_failed_and_settles" time="0.004" /><testcase classname="tests.test_scheduler" name="test_resolve_conflict_stops_the_run" time="0.003" /><testcase classname="tests.test_scheduler" name="test_resolve_preflight_failure_leaves_group_failed_without_stopping_the_run" time="0.004" /><testcase classname="tests.test_scheduler" name="test_resolve_does_not_block_a_second_groups_progress" time="0.205" /><testcase classname="tests.test_scheduler" name="test_scheduler_without_resolve_deps_leaves_failed_group_unchanged" time="0.004" /><testcase classname="tests.test_scheduler" name="test_interrupted_group_is_never_resolved" time="0.003" /><testcase classname="tests.test_scheduler" name="test_escalation_names_the_failed_group_overlap_and_successors" time="0.006" /><testcase classname="tests.test_scheduler" name="test_escalation_skip_leaves_the_group_failed_and_settled" time="0.005" /><testcase classname="tests.test_scheduler" name="test_escalation_answer_delegates_to_autonomous_resolve" time="0.004" /><testcase classname="tests.test_scheduler" name="test_escalation_abort_raises_run_abort" time="0.003" /><testcase classname="tests.test_scheduler" name="test_escalation_timeout_falls_back_to_autonomous_resolve" time="0.004" /><testcase classname="tests.test_scheduler" name="test_policy_not_covering_group_resolve_falls_back_to_autonomous" time="0.004" /><testcase classname="tests.test_scheduler" name="test_overlap_holds_a_pending_successor_until_the_failed_group_settles" time="0.003" /><testcase classname="tests.test_scheduler" name="test_settled_failed_group_no_longer_holds_its_overlap" time="0.003" /><testcase classname="tests.test_scheduler" name="test_interrupted_group_holds_only_overlapping_successors" time="0.003" /><testcase classname="tests.test_scheduler" name="test_groups_with_no_overlap_are_unaffected_by_a_sibling_failure" time="0.003" /><testcase classname="tests.test_scheduler" name="test_overlapping_groups_never_run_concurrently_at_high_concurrency" time="0.068" /><testcase classname="tests.test_scheduler" name="test_groups_sharing_no_file_still_run_concurrently" time="0.016" /><testcase classname="tests.test_scheduler" name="test_either_admission_order_completes_both_overlapping_groups" time="0.006" /><testcase classname="tests.test_scheduler" name="test_file_overlap_creates_no_dependency_edge" time="0.003" /><testcase classname="tests.test_scheduler" name="test_an_overlap_hold_is_reported_distinctly_and_names_the_shared_files" time="0.014" /><testcase classname="tests.test_scheduler" name="test_failure_gate_and_overlap_holds_are_distinguishable" time="0.002" /><testcase classname="tests.test_scheduler" name="test_two_groups_creating_the_same_new_file_exclude_each_other" time="0.067" /><testcase classname="tests.test_scheduler" name="test_serial_default_admits_exactly_as_before" time="0.005" /><testcase classname="tests.test_scheduler" name="test_exclusion_survives_a_resume" time="0.016" /><testcase classname="tests.test_scheduler" name="test_mark_interrupted_stamps_the_run_and_survives_a_reread" time="0.002" /><testcase classname="tests.test_scheduler" name="test_resuming_clears_the_interrupt_marker" time="0.003" /><testcase classname="tests.test_scheduler" name="test_a_broken_state_write_never_replaces_the_interrupt_with_a_traceback" time="0.002" /><testcase classname="tests.test_scorecard.TestGroupCountAndCrossGroupEdges" name="test_group_count_matches_partition" time="0.000" /><testcase classname="tests.test_scorecard.TestGroupCountAndCrossGroupEdges" name="test_cross_group_edges_counts_only_crossing_dependencies" time="0.000" /><testcase classname="tests.test_scorecard.TestWorkFractions" name="test_min_mean_max_of_cap" time="0.000" /><testcase classname="tests.test_scorecard.TestWorkFractions" name="test_zero_budget_cap_yields_zero_fractions_not_a_crash" time="0.000" /><testcase classname="tests.test_scorecard.TestCriticalPathLength" name="test_single_group_chain_is_length_one" time="0.000" /><testcase classname="tests.test_scorecard.TestCriticalPathLength" name="test_longest_chain_in_the_group_dag" time="0.000" /><testcase classname="tests.test_scorecard.TestModularity" name="test_no_affinity_edges_yields_zero" time="0.000" /><testcase classname="tests.test_scorecard.TestModularity" name="test_perfect_community_split_yields_positive_modularity" time="0.000" /><testcase classname="tests.test_scorecard.TestModularity" name="test_splitting_a_cohesive_pair_reduces_modularity" time="0.000" /><testcase classname="tests.test_scorecard.TestSliceIntegrity" name="test_intact_slice_passes" time="0.000" /><testcase classname="tests.test_scorecard.TestSliceIntegrity" name="test_split_slice_fails" time="0.000" /><testcase classname="tests.test_scorecard.TestSliceIntegrity" name="test_no_slices_declared_passes_trivially" time="0.000" /><testcase classname="tests.test_session_spend" name="test_spend_reads_the_all_turns_sum_not_the_final_iteration" time="0.000" /><testcase classname="tests.test_session_spend" name="test_occupancy_still_reads_only_the_final_iteration" time="0.000" /><testcase classname="tests.test_session_spend" name="test_envelope_without_iterations_key_falls_back_to_top_level_for_both" time="0.000" /><testcase classname="tests.test_session_spend" name="test_base_context_comes_from_the_streams_first_turn_not_the_envelope" time="0.000" /><testcase classname="tests.test_session_spend" name="test_base_context_falls_back_to_iterations_when_no_stream_observation" time="0.000" /><testcase classname="tests.test_session_spend" name="test_base_context_is_recorded_once_not_summed_across_rounds" time="0.000" /><testcase classname="tests.test_session_spend" name="test_no_dollar_figures_are_computed_here" time="0.000" /><testcase classname="tests.test_sessions" name="test_preflight_passes_on_full_featured_cli" time="0.024" /><testcase classname="tests.test_sessions" name="test_preflight_fails_naming_the_missing_flag_and_version" time="0.047" /><testcase classname="tests.test_sessions" name="test_start_base_pre_assigns_uuid_and_sets_display_name" time="0.031" /><testcase classname="tests.test_sessions" name="test_thinking_budget_is_pinned_on_every_worker_call" time="0.032" /><testcase classname="tests.test_sessions" name="test_thinking_flags_are_omitted_when_unset" time="0.032" /><testcase classname="tests.test_sessions" name="test_fork_records_parent_base_and_every_id_is_unique" time="0.146" /><testcase classname="tests.test_sessions" name="test_sessions_launch_with_convention_display_names" time="0.058" /><testcase classname="tests.test_sessions" name="test_resume_of_unknown_session_raises" time="0.030" /><testcase classname="tests.test_sessions" name="test_usage_accumulates_across_rounds_and_is_queryable_per_session" time="0.085" /><testcase classname="tests.test_sessions" name="test_cumulative_usage_keeps_the_token_classes_apart" time="0.086" /><testcase classname="tests.test_sessions" name="test_multi_turn_envelope_reports_last_turn_context_not_the_round_sum" time="0.000" /><testcase classname="tests.test_sessions" name="test_envelope_without_iterations_falls_back_to_top_level_usage" time="0.000" /><testcase classname="tests.test_sessions" name="test_long_round_completes_with_no_per_round_timeout" time="1.564" /><testcase classname="tests.test_sessions" name="test_worker_env_scrubs_the_orchestrators_virtualenv" time="0.030" /><testcase classname="tests.test_sessions" name="test_worker_env_without_virtualenv_passes_through" time="0.031" /><testcase classname="tests.test_sessions" name="test_scripted_cli_failure_surfaces_stderr" time="0.030" /><testcase classname="tests.test_sessions" name="test_usage_limit_style_failure_surfaces_stdout_result_over_empty_stderr" time="0.031" /><testcase classname="tests.test_sessions" name="test_a_broken_call_is_not_mistaken_for_a_usage_limit" time="0.031" /><testcase classname="tests.test_sessions" name="test_is_usage_limit_recognizes_the_wordings_seen_in_the_wild" time="0.000" /><testcase classname="tests.test_sessions" name="test_failure_with_unparseable_stdout_falls_back_to_stderr_unchanged" time="0.030" /><testcase classname="tests.test_sessions" name="test_transcript_path_is_discoverable_by_session_uuid" time="0.031" /><testcase classname="tests.test_sessions" name="test_concurrent_fork_requests_execute_serially" time="0.693" /><testcase classname="tests.test_sessions" name="test_parse_report_takes_the_last_block_and_accepts_fences" time="0.002" /><testcase classname="tests.test_sessions" name="test_parse_report_rejects_missing_block_and_bad_schema" time="0.002" /><testcase classname="tests.test_sessions" name="test_parse_report_works_for_reviewer_verdicts" time="0.001" /><testcase classname="tests.test_sessions" name="test_invalid_report_gets_exactly_n_renudges_then_fails" time="0.120" /><testcase classname="tests.test_sessions" name="test_renudge_recovers_when_a_later_round_produces_a_report" time="0.094" /><testcase classname="tests.test_sessions" name="test_manifest_records_every_session_with_role_generation_name_summary" time="0.002" /><testcase classname="tests.test_sessions" name="test_group_artifacts_persist_under_the_run_dir_as_pointers" time="0.002" /><testcase classname="tests.test_sessions" name="test_first_prompt_opens_with_a_parseable_identity_block" time="0.001" /><testcase classname="tests.test_sessions" name="test_identity_block_escapes_attribute_breaking_characters" time="0.000" /><testcase classname="tests.test_sessions" name="test_reviewer_prompt_ferries_pointers_not_payloads" time="0.000" /><testcase classname="tests.test_sessions" name="test_handoff_prompt_carries_generation_and_outstanding_items" time="0.000" /><testcase classname="tests.test_sessions" name="test_worktree_path_keeps_repo_dir_name_as_substring" time="0.013" /><testcase classname="tests.test_sessions" name="test_create_worktree_is_idempotent_and_checks_out_the_group_branch" time="0.028" /><testcase classname="tests.test_sessions" name="test_create_worktree_resumes_an_existing_branch_after_removal" time="0.042" /><testcase classname="tests.test_sessions" name="test_remove_worktree_refuses_dirty_without_force_and_is_idempotent" time="0.026" /><testcase classname="tests.test_sessions" name="test_provision_env_runs_uv_sync_only_in_uv_worktrees" time="0.002" /><testcase classname="tests.test_sessions" name="test_provision_env_passes_the_cache_env_and_the_configured_extras" time="0.002" /><testcase classname="tests.test_sessions" name="test_provision_env_failure_logs_an_event_and_does_not_raise" time="0.002" /><testcase classname="tests.test_sessions" name="test_conflicting_directory_at_worktree_path_is_rejected" time="0.013" /><testcase classname="tests.test_sessions" name="test_worktree_reports_worktree_config_extension_and_isolates_user_email" time="0.025" /><testcase classname="tests.test_sessions" name="test_create_worktree_idempotent_and_rejects_other_branch" time="0.034" /><testcase classname="tests.test_sessions" name="test_denied_git_subcommands_are_rejected_others_accepted" time="0.000" /><testcase classname="tests.test_sessions" name="test_refresh_conflict_raises_worktree_refresh_conflict_names_paths_and_aborts" time="0.052" /><testcase classname="tests.test_sessions" name="test_run_scoped_paths_keep_the_repo_dir_name_and_nest_under_the_run_id" time="0.012" /><testcase classname="tests.test_sessions" name="test_stranded_uncommitted_work_is_committed_before_refresh_on_reentry" time="0.036" /><testcase classname="tests.test_sessions" name="test_legacy_worktree_is_adopted_in_place_not_duplicated" time="0.033" /><testcase classname="tests.test_sessions" name="test_a_usage_limit_pauses_and_the_call_is_replayed_under_a_fresh_session_id" time="0.062" /><testcase classname="tests.test_sessions" name="test_the_pause_costs_no_generation_and_no_round" time="0.074" /><testcase classname="tests.test_sessions" name="test_auto_resume_off_still_raises_usage_limit" time="0.033" /><testcase classname="tests.test_sessions" name="test_no_gate_at_all_is_the_pre_auto_resume_behaviour" time="0.031" /><testcase classname="tests.test_sessions" name="test_exhausting_the_attempts_re_raises_so_the_interrupted_path_still_applies" time="0.114" /><testcase classname="tests.test_sessions" name="test_a_plain_session_error_is_never_retried" time="0.033" /><testcase classname="tests.test_sessions" name="test_the_limit_prose_reaches_the_gate_unwrapped" time="0.031" /><testcase classname="tests.test_sessions" name="test_provision_node_env_runs_npm_ci_only_when_ui_package_json_exists" time="0.002" /><testcase classname="tests.test_sessions" name="test_provision_node_env_failure_is_non_fatal" time="0.001" /><testcase classname="tests.test_sessions" name="test_provision_node_env_runs_in_the_ui_subdirectory" time="0.002" /><testcase classname="tests.test_sessions" name="test_start_worker_prepends_the_base_context_verbatim_and_never_forks" time="0.031" /><testcase classname="tests.test_sessions" name="test_start_worker_honours_a_caller_supplied_session_id" time="0.032" /><testcase classname="tests.test_specless_preview.TestSpeclessRunAfterRealGrouping" name="test_no_spec_leaves_existing_groups_json_and_sibling_trace_untouched" time="0.215" /><testcase classname="tests.test_specless_preview.TestSpeclessRunAfterRealGrouping" name="test_dry_run_leaves_existing_groups_json_and_sibling_trace_untouched" time="0.221" /><testcase classname="tests.test_specless_preview.TestObservatoryListingUsesGroupsJson" name="test_grouping_preview_endpoint_reports_groups_json_not_preview_trace" time="0.222" /><testcase classname="tests.test_specless_preview.TestObservatoryListingUsesGroupsJson" name="test_index_fingerprint_reused_from_the_undisturbed_sibling_trace" time="0.222" /><testcase classname="tests.test_specless_preview.TestSpeclessRunBeforeAnyRealGrouping" name="test_no_spec_leaves_the_name_absent_from_describe_groupings" time="0.113" /><testcase classname="tests.test_specless_preview.TestSpeclessRunBeforeAnyRealGrouping" name="test_dry_run_leaves_the_name_absent_from_describe_groupings" time="0.110" /><testcase classname="tests.test_specless_preview.TestSpeclessRunBeforeAnyRealGrouping" name="test_observatory_preview_labels_it_explicitly_as_a_preview" time="0.108" /><testcase classname="tests.test_specless_preview.TestSubsequentRealGroupingIsNormal" name="test_real_grouping_after_a_specless_run_writes_groups_json_normally" time="0.218" /><testcase classname="tests.test_streaming" name="test_final_turn_usage_matches_the_final_envelope" time="0.031" /><testcase classname="tests.test_streaming" name="test_per_turn_observer_gets_one_callback_per_assistant_turn" time="0.060" /><testcase classname="tests.test_streaming" name="test_send_reaches_the_child_mid_round_and_is_echoed_back" time="0.031" /><testcase classname="tests.test_streaming" name="test_nonzero_exit_raises_session_error_with_argv_context" time="0.058" /><testcase classname="tests.test_streaming" name="test_stream_without_terminal_result_raises_session_error_not_hang" time="0.031" /><testcase classname="tests.test_streaming" name="test_tracker_sees_spawned_and_exited_exactly_once_per_round" time="0.032" /><testcase classname="tests.test_streaming" name="test_tool_result_events_yield_deny_signals" time="0.040" /><testcase classname="tests.test_streaming" name="test_a_round_with_nothing_denied_carries_no_signals" time="0.036" /><testcase classname="tests.test_streaming" name="test_deny_signals_are_capped_so_a_chatty_round_cannot_bloat_the_outcome" time="0.034" /><testcase classname="tests.test_streaming" name="test_a_malformed_user_event_cannot_fail_the_round" time="0.031" /><testcase classname="tests.test_streaming" name="test_tool_result_text_accepts_both_shapes_the_field_takes" time="0.000" /><testcase classname="tests.test_surprise_board" name="test_unknown_group_id_lands_in_run_level_list_and_is_logged" time="0.001" /><testcase classname="tests.test_surprise_board" name="test_task_id_is_resolved_to_its_owning_group_with_no_dead_bucket" time="0.000" /><testcase classname="tests.test_surprise_board" name="test_orphan_task_id_lands_in_run_level_list_and_is_logged" time="0.000" /><testcase classname="tests.test_surprise_board" name="test_wide_fanout_delivers_to_every_existing_group_and_warns_naming_the_count" time="0.000" /><testcase classname="tests.test_surprise_board" name="test_same_surprise_marked_five_times_is_delivered_once" time="0.000" /><testcase classname="tests.test_surprise_board" name="test_valid_still_running_group_is_delivered_unchanged" time="0.000" /><testcase classname="tests.test_surprise_board" name="test_no_groups_configured_preserves_legacy_unvalidated_behavior" time="0.000" /><testcase classname="tests.test_surprise_board" name="test_residue_report_is_empty_when_the_board_never_persisted_anything" time="0.001" /><testcase classname="tests.test_surprise_board" name="test_residue_labels_a_bucket_for_a_completed_group" time="0.002" /><testcase classname="tests.test_surprise_board" name="test_residue_labels_a_resolved_group_the_same_as_completed" time="0.002" /><testcase classname="tests.test_surprise_board" name="test_residue_labels_a_still_pending_group_as_run_ended_before_delivery" time="0.002" /><testcase classname="tests.test_surprise_board" name="test_residue_labels_the_run_level_bucket_as_unknown_group_id" time="0.002" /><testcase classname="tests.test_surprise_board" name="test_residue_report_lists_every_bucket_with_its_own_reason" time="0.003" /><testcase classname="tests.test_worktrees" name="test_existing_worktree_path_prefers_the_run_scoped_layout" time="0.002" /><testcase classname="tests.test_worktrees" name="test_existing_worktree_path_falls_back_to_legacy" time="0.001" /><testcase classname="tests.test_worktrees" name="test_existing_worktree_path_knows_the_integration_legacy_name" time="0.001" /><testcase classname="tests.test_worktrees" name="test_existing_worktree_path_is_none_when_neither_exists" time="0.001" /><testcase classname="tests.test_worktrees" name="test_git_rejects_a_missing_working_directory_with_context" time="0.004" /></testsuite></testsuites>