============================= test session starts ==============================
platform linux -- Python 3.12.13, pytest-9.1.1, pluggy-1.6.0
rootdir: /home/gbm1996/wksp/smart_mcps/.worktrees/r20260829-162627/g1-plan-edit-verbatim-plan-surgery-and-the
configfile: pyproject.toml
plugins: anyio-4.14.1, asyncio-1.4.0
asyncio: mode=Mode.STRICT, debug=False, asyncio_default_fixture_loop_scope=None, asyncio_default_test_loop_scope=function
collected 1547 items / 20 deselected / 1527 selected

tests/test_advisory.py .............                                     [  0%]
tests/test_assembler.py .........                                        [  1%]
tests/test_auth_ladder.py ..................                             [  2%]
tests/test_calibrate.py .............                                    [  3%]
tests/test_cli.py ...................................................... [  7%]
................................................                         [ 10%]
tests/test_cli_price.py .......                                          [ 10%]
tests/test_codegraph_server.py ..........                                [ 11%]
tests/test_confinement.py .........................                      [ 12%]
tests/test_cwd_contract.py .....                                         [ 13%]
tests/test_denial.py ...........                                         [ 13%]
tests/test_driver_liveness.py ..............                             [ 14%]
tests/test_e2e_faults.py ........                                        [ 15%]
tests/test_e2e_stub.py ...............                                   [ 16%]
tests/test_edge_provenance.py ...........................                [ 18%]
tests/test_escalation.py ..................................              [ 20%]
tests/test_estimator.py .................                                [ 21%]
tests/test_export.py ...........                                         [ 22%]
tests/test_fingerprint_compare.py ....                                   [ 22%]
tests/test_finish.py ..................                                  [ 23%]
tests/test_golden_partitions.py ................                         [ 24%]
tests/test_graphing.py .....................................             [ 27%]
tests/test_grouper_pipeline.py ......................................... [ 29%]
.............................                                            [ 31%]
tests/test_grouping_fixtures.py ........................................ [ 34%]
                                                                         [ 34%]
tests/test_grouping_trace.py ........................................... [ 37%]
                                                                         [ 37%]
tests/test_heartbeat.py .....................                            [ 38%]
tests/test_index_fingerprint.py ............                             [ 39%]
tests/test_index_quiescence.py ........                                  [ 39%]
tests/test_informational_surprise.py ....                                [ 40%]
tests/test_integration_provisioning.py ...........                       [ 40%]
tests/test_lint_after_edit.py ...........                                [ 41%]
tests/test_llm.py ........                                               [ 42%]
tests/test_llm_record.py ..............                                  [ 42%]
tests/test_log_event_timezone.py .....                                   [ 43%]
tests/test_manifest_snapshot.py ...                                      [ 43%]
tests/test_merge.py .............                                        [ 44%]
tests/test_merge_gate_triage.py .......                                  [ 44%]
tests/test_model.py ......................                               [ 46%]
tests/test_model_selection.py .............                              [ 47%]
tests/test_nudges.py ..........                                          [ 47%]
tests/test_observatory_api.py .......................................    [ 50%]
tests/test_observatory_diffs.py ........                                 [ 50%]
tests/test_observatory_drift.py ......                                   [ 51%]
tests/test_observatory_escalations.py .............                      [ 52%]
tests/test_observatory_events.py ............                            [ 52%]
tests/test_observatory_grouping.py ..................................... [ 55%]
................                                                         [ 56%]
tests/test_observatory_launch.py .................................       [ 58%]
tests/test_observatory_model_drift.py .................................  [ 60%]
tests/test_observatory_paths.py ........................................ [ 63%]
                                                                         [ 63%]
tests/test_observatory_spa.py .......................                    [ 64%]
tests/test_observatory_thinking.py ...................                   [ 66%]
tests/test_observatory_transcripts.py ....................               [ 67%]
tests/test_orchestrator_session_snapshot.py ......                       [ 67%]
tests/test_partition.py ................................................ [ 70%]
...................                                                      [ 72%]
tests/test_plan_edit.py ......................                           [ 73%]
tests/test_plan_reader.py .............................                  [ 75%]
tests/test_plan_sections.py ................                             [ 76%]
tests/test_preflight.py .......................................          [ 79%]
tests/test_preflight_baseline.py .............                           [ 79%]
tests/test_ratelimit.py ..................................               [ 82%]
tests/test_resume_record.py ...                                          [ 82%]
tests/test_retry.py ........                                             [ 82%]
tests/test_review_loop.py .............................................. [ 85%]
...................                                                      [ 87%]
tests/test_review_recovery_log.py ..                                     [ 87%]
tests/test_review_scratch.py .......                                     [ 87%]
tests/test_rewrite_observability.py ....                                 [ 87%]
tests/test_scheduler.py ................................................ [ 91%]
....................                                                     [ 92%]
tests/test_scorecard.py ............                                     [ 93%]
tests/test_session_spend.py .......                                      [ 93%]
tests/test_sessions.py ................................................. [ 96%]
...........                                                              [ 97%]
tests/test_specless_preview.py ........                                  [ 98%]
tests/test_streaming.py ...........                                      [ 98%]
tests/test_surprise_board.py .............                               [ 99%]
tests/test_worktrees.py .....                                            [100%]

=============================== warnings summary ===============================
.venv/lib/python3.12/site-packages/fastapi/testclient.py:1
  /home/gbm1996/wksp/smart_mcps/.worktrees/r20260829-162627/g1-plan-edit-verbatim-plan-surgery-and-the/.venv/lib/python3.12/site-packages/fastapi/testclient.py:1: StarletteDeprecationWarning: Using `httpx` with `starlette.testclient` is deprecated; install `httpx2` instead.
    from starlette.testclient import TestClient as TestClient  # noqa

-- Docs: https://docs.pytest.org/en/stable/how-to/capture-warnings.html
- generated xml file: /home/gbm1996/wksp/smart_mcps/.orchestrator/runs/r20260829-162627/groups/g1/preflight-junit.xml -
========== 1527 passed, 20 deselected, 1 warning in 68.97s (0:01:08) ===========
warning: `VIRTUAL_ENV=/home/gbm1996/wksp/smart_mcps/.venv` does not match the project environment path `.venv` and will be ignored; use `--active` to target the active environment instead
